[2024-10-15 00:05:15] production.ERROR: Target class [App\Http\Controllers\ChatController] does not exist. {"userId":1,"exception":"[object] (Illuminate\\Contracts\\Container\\BindingResolutionException(code: 0): Target class [App\\Http\\Controllers\\ChatController] does not exist. at /home/user/Projects/codecanyon/vendor/laravel/framework/src/Illuminate/Container/Container.php:914)
[stacktrace]
#0 /home/user/Projects/codecanyon/vendor/laravel/framework/src/Illuminate/Container/Container.php(795): Illuminate\\Container\\Container->build()
#1 /home/user/Projects/codecanyon/vendor/laravel/framework/src/Illuminate/Foundation/Application.php(961): Illuminate\\Container\\Container->resolve()
#2 /home/user/Projects/codecanyon/vendor/laravel/framework/src/Illuminate/Container/Container.php(731): Illuminate\\Foundation\\Application->resolve()
#3 /home/user/Projects/codecanyon/vendor/laravel/framework/src/Illuminate/Foundation/Application.php(946): Illuminate\\Container\\Container->make()
#4 /home/user/Projects/codecanyon/vendor/laravel/framework/src/Illuminate/Routing/Route.php(278): Illuminate\\Foundation\\Application->make()
#5 /home/user/Projects/codecanyon/vendor/laravel/framework/src/Illuminate/Routing/Route.php(260): Illuminate\\Routing\\Route->getController()
#6 /home/user/Projects/codecanyon/vendor/laravel/framework/src/Illuminate/Routing/Route.php(205): Illuminate\\Routing\\Route->runController()
#7 /home/user/Projects/codecanyon/vendor/laravel/framework/src/Illuminate/Routing/Router.php(806): Illuminate\\Routing\\Route->run()
#8 /home/user/Projects/codecanyon/vendor/laravel/framework/src/Illuminate/Pipeline/Pipeline.php(144): Illuminate\\Routing\\Router->Illuminate\\Routing\\{closure}()
#9 /home/user/Projects/codecanyon/platform/plugins/ecommerce/src/Http/Middleware/CaptureCouponMiddleware.php(21): Illuminate\\Pipeline\\Pipeline->Illuminate\\Pipeline\\{closure}()
#10 /home/user/Projects/codecanyon/vendor/laravel/framework/src/Illuminate/Pipeline/Pipeline.php(183): Botble\\Ecommerce\\Http\\Middleware\\CaptureCouponMiddleware->handle()
#11 /home/user/Projects/codecanyon/platform/plugins/ecommerce/src/Http/Middleware/CaptureFootprintsMiddleware.php(23): Illuminate\\Pipeline\\Pipeline->Illuminate\\Pipeline\\{closure}()
#12 /home/user/Projects/codecanyon/vendor/laravel/framework/src/Illuminate/Pipeline/Pipeline.php(183): Botble\\Ecommerce\\Http\\Middleware\\CaptureFootprintsMiddleware->handle()
#13 /home/user/Projects/codecanyon/vendor/botble/platform/base/src/Http/Middleware/HttpsProtocolMiddleware.php(16): Illuminate\\Pipeline\\Pipeline->Illuminate\\Pipeline\\{closure}()
#14 /home/user/Projects/codecanyon/vendor/laravel/framework/src/Illuminate/Pipeline/Pipeline.php(183): Botble\\Base\\Http\\Middleware\\HttpsProtocolMiddleware->handle()
#15 /home/user/Projects/codecanyon/vendor/botble/platform/base/src/Http/Middleware/AdminLocaleMiddleware.php(17): Illuminate\\Pipeline\\Pipeline->Illuminate\\Pipeline\\{closure}()
#16 /home/user/Projects/codecanyon/vendor/laravel/framework/src/Illuminate/Pipeline/Pipeline.php(183): Botble\\Base\\Http\\Middleware\\AdminLocaleMiddleware->handle()
#17 /home/user/Projects/codecanyon/vendor/botble/platform/base/src/Http/Middleware/LocaleMiddleware.php(29): Illuminate\\Pipeline\\Pipeline->Illuminate\\Pipeline\\{closure}()
#18 /home/user/Projects/codecanyon/vendor/laravel/framework/src/Illuminate/Pipeline/Pipeline.php(183): Botble\\Base\\Http\\Middleware\\LocaleMiddleware->handle()
#19 /home/user/Projects/codecanyon/vendor/botble/installer/src/Http/Middleware/RedirectIfNotInstalledMiddleware.php(17): Illuminate\\Pipeline\\Pipeline->Illuminate\\Pipeline\\{closure}()
#20 /home/user/Projects/codecanyon/vendor/laravel/framework/src/Illuminate/Pipeline/Pipeline.php(183): Botble\\Installer\\Http\\Middleware\\RedirectIfNotInstalledMiddleware->handle()
#21 /home/user/Projects/codecanyon/vendor/laravel/framework/src/Illuminate/Routing/Middleware/SubstituteBindings.php(50): Illuminate\\Pipeline\\Pipeline->Illuminate\\Pipeline\\{closure}()
#22 /home/user/Projects/codecanyon/vendor/laravel/framework/src/Illuminate/Pipeline/Pipeline.php(183): Illuminate\\Routing\\Middleware\\SubstituteBindings->handle()
#23 /home/user/Projects/codecanyon/vendor/botble/platform/acl/src/Http/Middleware/Authenticate.php(37): Illuminate\\Pipeline\\Pipeline->Illuminate\\Pipeline\\{closure}()
#24 /home/user/Projects/codecanyon/vendor/laravel/framework/src/Illuminate/Pipeline/Pipeline.php(183): Botble\\ACL\\Http\\Middleware\\Authenticate->handle()
#25 /home/user/Projects/codecanyon/vendor/laravel/framework/src/Illuminate/Foundation/Http/Middleware/VerifyCsrfToken.php(78): Illuminate\\Pipeline\\Pipeline->Illuminate\\Pipeline\\{closure}()
#26 /home/user/Projects/codecanyon/vendor/laravel/framework/src/Illuminate/Pipeline/Pipeline.php(183): Illuminate\\Foundation\\Http\\Middleware\\VerifyCsrfToken->handle()
#27 /home/user/Projects/codecanyon/vendor/laravel/framework/src/Illuminate/View/Middleware/ShareErrorsFromSession.php(49): Illuminate\\Pipeline\\Pipeline->Illuminate\\Pipeline\\{closure}()
#28 /home/user/Projects/codecanyon/vendor/laravel/framework/src/Illuminate/Pipeline/Pipeline.php(183): Illuminate\\View\\Middleware\\ShareErrorsFromSession->handle()
#29 /home/user/Projects/codecanyon/vendor/laravel/framework/src/Illuminate/Session/Middleware/StartSession.php(121): Illuminate\\Pipeline\\Pipeline->Illuminate\\Pipeline\\{closure}()
#30 /home/user/Projects/codecanyon/vendor/laravel/framework/src/Illuminate/Session/Middleware/StartSession.php(64): Illuminate\\Session\\Middleware\\StartSession->handleStatefulRequest()
#31 /home/user/Projects/codecanyon/vendor/laravel/framework/src/Illuminate/Pipeline/Pipeline.php(183): Illuminate\\Session\\Middleware\\StartSession->handle()
#32 /home/user/Projects/codecanyon/vendor/laravel/framework/src/Illuminate/Cookie/Middleware/AddQueuedCookiesToResponse.php(37): Illuminate\\Pipeline\\Pipeline->Illuminate\\Pipeline\\{closure}()
#33 /home/user/Projects/codecanyon/vendor/laravel/framework/src/Illuminate/Pipeline/Pipeline.php(183): Illuminate\\Cookie\\Middleware\\AddQueuedCookiesToResponse->handle()
#34 /home/user/Projects/codecanyon/vendor/laravel/framework/src/Illuminate/Cookie/Middleware/EncryptCookies.php(67): Illuminate\\Pipeline\\Pipeline->Illuminate\\Pipeline\\{closure}()
#35 /home/user/Projects/codecanyon/vendor/laravel/framework/src/Illuminate/Pipeline/Pipeline.php(183): Illuminate\\Cookie\\Middleware\\EncryptCookies->handle()
#36 /home/user/Projects/codecanyon/vendor/laravel/framework/src/Illuminate/Pipeline/Pipeline.php(119): Illuminate\\Pipeline\\Pipeline->Illuminate\\Pipeline\\{closure}()
#37 /home/user/Projects/codecanyon/vendor/laravel/framework/src/Illuminate/Routing/Router.php(805): Illuminate\\Pipeline\\Pipeline->then()
#38 /home/user/Projects/codecanyon/vendor/laravel/framework/src/Illuminate/Routing/Router.php(784): Illuminate\\Routing\\Router->runRouteWithinStack()
#39 /home/user/Projects/codecanyon/vendor/laravel/framework/src/Illuminate/Routing/Router.php(748): Illuminate\\Routing\\Router->runRoute()
#40 /home/user/Projects/codecanyon/vendor/laravel/framework/src/Illuminate/Routing/Router.php(737): Illuminate\\Routing\\Router->dispatchToRoute()
#41 /home/user/Projects/codecanyon/vendor/laravel/framework/src/Illuminate/Foundation/Http/Kernel.php(200): Illuminate\\Routing\\Router->dispatch()
#42 /home/user/Projects/codecanyon/vendor/laravel/framework/src/Illuminate/Pipeline/Pipeline.php(144): Illuminate\\Foundation\\Http\\Kernel->Illuminate\\Foundation\\Http\\{closure}()
#43 /home/user/Projects/codecanyon/vendor/botble/platform/js-validation/src/RemoteValidationMiddleware.php(43): Illuminate\\Pipeline\\Pipeline->Illuminate\\Pipeline\\{closure}()
#44 /home/user/Projects/codecanyon/vendor/laravel/framework/src/Illuminate/Pipeline/Pipeline.php(183): Botble\\JsValidation\\RemoteValidationMiddleware->handle()
#45 /home/user/Projects/codecanyon/vendor/laravel/framework/src/Illuminate/Foundation/Http/Middleware/TransformsRequest.php(21): Illuminate\\Pipeline\\Pipeline->Illuminate\\Pipeline\\{closure}()
#46 /home/user/Projects/codecanyon/vendor/laravel/framework/src/Illuminate/Foundation/Http/Middleware/ConvertEmptyStringsToNull.php(31): Illuminate\\Foundation\\Http\\Middleware\\TransformsRequest->handle()
#47 /home/user/Projects/codecanyon/vendor/laravel/framework/src/Illuminate/Pipeline/Pipeline.php(183): Illuminate\\Foundation\\Http\\Middleware\\ConvertEmptyStringsToNull->handle()
#48 /home/user/Projects/codecanyon/vendor/laravel/framework/src/Illuminate/Foundation/Http/Middleware/TransformsRequest.php(21): Illuminate\\Pipeline\\Pipeline->Illuminate\\Pipeline\\{closure}()
#49 /home/user/Projects/codecanyon/vendor/laravel/framework/src/Illuminate/Foundation/Http/Middleware/TrimStrings.php(40): Illuminate\\Foundation\\Http\\Middleware\\TransformsRequest->handle()
#50 /home/user/Projects/codecanyon/vendor/laravel/framework/src/Illuminate/Pipeline/Pipeline.php(183): Illuminate\\Foundation\\Http\\Middleware\\TrimStrings->handle()
#51 /home/user/Projects/codecanyon/vendor/laravel/framework/src/Illuminate/Foundation/Http/Middleware/ValidatePostSize.php(27): Illuminate\\Pipeline\\Pipeline->Illuminate\\Pipeline\\{closure}()
#52 /home/user/Projects/codecanyon/vendor/laravel/framework/src/Illuminate/Pipeline/Pipeline.php(183): Illuminate\\Foundation\\Http\\Middleware\\ValidatePostSize->handle()
#53 /home/user/Projects/codecanyon/vendor/laravel/framework/src/Illuminate/Foundation/Http/Middleware/PreventRequestsDuringMaintenance.php(99): Illuminate\\Pipeline\\Pipeline->Illuminate\\Pipeline\\{closure}()
#54 /home/user/Projects/codecanyon/vendor/laravel/framework/src/Illuminate/Pipeline/Pipeline.php(183): Illuminate\\Foundation\\Http\\Middleware\\PreventRequestsDuringMaintenance->handle()
#55 /home/user/Projects/codecanyon/vendor/laravel/framework/src/Illuminate/Http/Middleware/HandleCors.php(49): Illuminate\\Pipeline\\Pipeline->Illuminate\\Pipeline\\{closure}()
#56 /home/user/Projects/codecanyon/vendor/laravel/framework/src/Illuminate/Pipeline/Pipeline.php(183): Illuminate\\Http\\Middleware\\HandleCors->handle()
#57 /home/user/Projects/codecanyon/vendor/laravel/framework/src/Illuminate/Http/Middleware/TrustProxies.php(39): Illuminate\\Pipeline\\Pipeline->Illuminate\\Pipeline\\{closure}()
#58 /home/user/Projects/codecanyon/vendor/laravel/framework/src/Illuminate/Pipeline/Pipeline.php(183): Illuminate\\Http\\Middleware\\TrustProxies->handle()
#59 /home/user/Projects/codecanyon/vendor/laravel/framework/src/Illuminate/Pipeline/Pipeline.php(119): Illuminate\\Pipeline\\Pipeline->Illuminate\\Pipeline\\{closure}()
#60 /home/user/Projects/codecanyon/vendor/laravel/framework/src/Illuminate/Foundation/Http/Kernel.php(175): Illuminate\\Pipeline\\Pipeline->then()
#61 /home/user/Projects/codecanyon/vendor/laravel/framework/src/Illuminate/Foundation/Http/Kernel.php(144): Illuminate\\Foundation\\Http\\Kernel->sendRequestThroughRouter()
#62 /home/user/Projects/codecanyon/public/index.php(23): Illuminate\\Foundation\\Http\\Kernel->handle()
#63 /home/user/Projects/codecanyon/vendor/laravel/framework/src/Illuminate/Foundation/resources/server.php(16): require_once('...')
#64 {main}

[previous exception] [object] (ReflectionException(code: -1): Class \"App\\Http\\Controllers\\ChatController\" does not exist at /home/user/Projects/codecanyon/vendor/laravel/framework/src/Illuminate/Container/Container.php:912)
[stacktrace]
#0 /home/user/Projects/codecanyon/vendor/laravel/framework/src/Illuminate/Container/Container.php(912): ReflectionClass->__construct()
#1 /home/user/Projects/codecanyon/vendor/laravel/framework/src/Illuminate/Container/Container.php(795): Illuminate\\Container\\Container->build()
#2 /home/user/Projects/codecanyon/vendor/laravel/framework/src/Illuminate/Foundation/Application.php(961): Illuminate\\Container\\Container->resolve()
#3 /home/user/Projects/codecanyon/vendor/laravel/framework/src/Illuminate/Container/Container.php(731): Illuminate\\Foundation\\Application->resolve()
#4 /home/user/Projects/codecanyon/vendor/laravel/framework/src/Illuminate/Foundation/Application.php(946): Illuminate\\Container\\Container->make()
#5 /home/user/Projects/codecanyon/vendor/laravel/framework/src/Illuminate/Routing/Route.php(278): Illuminate\\Foundation\\Application->make()
#6 /home/user/Projects/codecanyon/vendor/laravel/framework/src/Illuminate/Routing/Route.php(260): Illuminate\\Routing\\Route->getController()
#7 /home/user/Projects/codecanyon/vendor/laravel/framework/src/Illuminate/Routing/Route.php(205): Illuminate\\Routing\\Route->runController()
#8 /home/user/Projects/codecanyon/vendor/laravel/framework/src/Illuminate/Routing/Router.php(806): Illuminate\\Routing\\Route->run()
#9 /home/user/Projects/codecanyon/vendor/laravel/framework/src/Illuminate/Pipeline/Pipeline.php(144): Illuminate\\Routing\\Router->Illuminate\\Routing\\{closure}()
#10 /home/user/Projects/codecanyon/platform/plugins/ecommerce/src/Http/Middleware/CaptureCouponMiddleware.php(21): Illuminate\\Pipeline\\Pipeline->Illuminate\\Pipeline\\{closure}()
#11 /home/user/Projects/codecanyon/vendor/laravel/framework/src/Illuminate/Pipeline/Pipeline.php(183): Botble\\Ecommerce\\Http\\Middleware\\CaptureCouponMiddleware->handle()
#12 /home/user/Projects/codecanyon/platform/plugins/ecommerce/src/Http/Middleware/CaptureFootprintsMiddleware.php(23): Illuminate\\Pipeline\\Pipeline->Illuminate\\Pipeline\\{closure}()
#13 /home/user/Projects/codecanyon/vendor/laravel/framework/src/Illuminate/Pipeline/Pipeline.php(183): Botble\\Ecommerce\\Http\\Middleware\\CaptureFootprintsMiddleware->handle()
#14 /home/user/Projects/codecanyon/vendor/botble/platform/base/src/Http/Middleware/HttpsProtocolMiddleware.php(16): Illuminate\\Pipeline\\Pipeline->Illuminate\\Pipeline\\{closure}()
#15 /home/user/Projects/codecanyon/vendor/laravel/framework/src/Illuminate/Pipeline/Pipeline.php(183): Botble\\Base\\Http\\Middleware\\HttpsProtocolMiddleware->handle()
#16 /home/user/Projects/codecanyon/vendor/botble/platform/base/src/Http/Middleware/AdminLocaleMiddleware.php(17): Illuminate\\Pipeline\\Pipeline->Illuminate\\Pipeline\\{closure}()
#17 /home/user/Projects/codecanyon/vendor/laravel/framework/src/Illuminate/Pipeline/Pipeline.php(183): Botble\\Base\\Http\\Middleware\\AdminLocaleMiddleware->handle()
#18 /home/user/Projects/codecanyon/vendor/botble/platform/base/src/Http/Middleware/LocaleMiddleware.php(29): Illuminate\\Pipeline\\Pipeline->Illuminate\\Pipeline\\{closure}()
#19 /home/user/Projects/codecanyon/vendor/laravel/framework/src/Illuminate/Pipeline/Pipeline.php(183): Botble\\Base\\Http\\Middleware\\LocaleMiddleware->handle()
#20 /home/user/Projects/codecanyon/vendor/botble/installer/src/Http/Middleware/RedirectIfNotInstalledMiddleware.php(17): Illuminate\\Pipeline\\Pipeline->Illuminate\\Pipeline\\{closure}()
#21 /home/user/Projects/codecanyon/vendor/laravel/framework/src/Illuminate/Pipeline/Pipeline.php(183): Botble\\Installer\\Http\\Middleware\\RedirectIfNotInstalledMiddleware->handle()
#22 /home/user/Projects/codecanyon/vendor/laravel/framework/src/Illuminate/Routing/Middleware/SubstituteBindings.php(50): Illuminate\\Pipeline\\Pipeline->Illuminate\\Pipeline\\{closure}()
#23 /home/user/Projects/codecanyon/vendor/laravel/framework/src/Illuminate/Pipeline/Pipeline.php(183): Illuminate\\Routing\\Middleware\\SubstituteBindings->handle()
#24 /home/user/Projects/codecanyon/vendor/botble/platform/acl/src/Http/Middleware/Authenticate.php(37): Illuminate\\Pipeline\\Pipeline->Illuminate\\Pipeline\\{closure}()
#25 /home/user/Projects/codecanyon/vendor/laravel/framework/src/Illuminate/Pipeline/Pipeline.php(183): Botble\\ACL\\Http\\Middleware\\Authenticate->handle()
#26 /home/user/Projects/codecanyon/vendor/laravel/framework/src/Illuminate/Foundation/Http/Middleware/VerifyCsrfToken.php(78): Illuminate\\Pipeline\\Pipeline->Illuminate\\Pipeline\\{closure}()
#27 /home/user/Projects/codecanyon/vendor/laravel/framework/src/Illuminate/Pipeline/Pipeline.php(183): Illuminate\\Foundation\\Http\\Middleware\\VerifyCsrfToken->handle()
#28 /home/user/Projects/codecanyon/vendor/laravel/framework/src/Illuminate/View/Middleware/ShareErrorsFromSession.php(49): Illuminate\\Pipeline\\Pipeline->Illuminate\\Pipeline\\{closure}()
#29 /home/user/Projects/codecanyon/vendor/laravel/framework/src/Illuminate/Pipeline/Pipeline.php(183): Illuminate\\View\\Middleware\\ShareErrorsFromSession->handle()
#30 /home/user/Projects/codecanyon/vendor/laravel/framework/src/Illuminate/Session/Middleware/StartSession.php(121): Illuminate\\Pipeline\\Pipeline->Illuminate\\Pipeline\\{closure}()
#31 /home/user/Projects/codecanyon/vendor/laravel/framework/src/Illuminate/Session/Middleware/StartSession.php(64): Illuminate\\Session\\Middleware\\StartSession->handleStatefulRequest()
#32 /home/user/Projects/codecanyon/vendor/laravel/framework/src/Illuminate/Pipeline/Pipeline.php(183): Illuminate\\Session\\Middleware\\StartSession->handle()
#33 /home/user/Projects/codecanyon/vendor/laravel/framework/src/Illuminate/Cookie/Middleware/AddQueuedCookiesToResponse.php(37): Illuminate\\Pipeline\\Pipeline->Illuminate\\Pipeline\\{closure}()
#34 /home/user/Projects/codecanyon/vendor/laravel/framework/src/Illuminate/Pipeline/Pipeline.php(183): Illuminate\\Cookie\\Middleware\\AddQueuedCookiesToResponse->handle()
#35 /home/user/Projects/codecanyon/vendor/laravel/framework/src/Illuminate/Cookie/Middleware/EncryptCookies.php(67): Illuminate\\Pipeline\\Pipeline->Illuminate\\Pipeline\\{closure}()
#36 /home/user/Projects/codecanyon/vendor/laravel/framework/src/Illuminate/Pipeline/Pipeline.php(183): Illuminate\\Cookie\\Middleware\\EncryptCookies->handle()
#37 /home/user/Projects/codecanyon/vendor/laravel/framework/src/Illuminate/Pipeline/Pipeline.php(119): Illuminate\\Pipeline\\Pipeline->Illuminate\\Pipeline\\{closure}()
#38 /home/user/Projects/codecanyon/vendor/laravel/framework/src/Illuminate/Routing/Router.php(805): Illuminate\\Pipeline\\Pipeline->then()
#39 /home/user/Projects/codecanyon/vendor/laravel/framework/src/Illuminate/Routing/Router.php(784): Illuminate\\Routing\\Router->runRouteWithinStack()
#40 /home/user/Projects/codecanyon/vendor/laravel/framework/src/Illuminate/Routing/Router.php(748): Illuminate\\Routing\\Router->runRoute()
#41 /home/user/Projects/codecanyon/vendor/laravel/framework/src/Illuminate/Routing/Router.php(737): Illuminate\\Routing\\Router->dispatchToRoute()
#42 /home/user/Projects/codecanyon/vendor/laravel/framework/src/Illuminate/Foundation/Http/Kernel.php(200): Illuminate\\Routing\\Router->dispatch()
#43 /home/user/Projects/codecanyon/vendor/laravel/framework/src/Illuminate/Pipeline/Pipeline.php(144): Illuminate\\Foundation\\Http\\Kernel->Illuminate\\Foundation\\Http\\{closure}()
#44 /home/user/Projects/codecanyon/vendor/botble/platform/js-validation/src/RemoteValidationMiddleware.php(43): Illuminate\\Pipeline\\Pipeline->Illuminate\\Pipeline\\{closure}()
#45 /home/user/Projects/codecanyon/vendor/laravel/framework/src/Illuminate/Pipeline/Pipeline.php(183): Botble\\JsValidation\\RemoteValidationMiddleware->handle()
#46 /home/user/Projects/codecanyon/vendor/laravel/framework/src/Illuminate/Foundation/Http/Middleware/TransformsRequest.php(21): Illuminate\\Pipeline\\Pipeline->Illuminate\\Pipeline\\{closure}()
#47 /home/user/Projects/codecanyon/vendor/laravel/framework/src/Illuminate/Foundation/Http/Middleware/ConvertEmptyStringsToNull.php(31): Illuminate\\Foundation\\Http\\Middleware\\TransformsRequest->handle()
#48 /home/user/Projects/codecanyon/vendor/laravel/framework/src/Illuminate/Pipeline/Pipeline.php(183): Illuminate\\Foundation\\Http\\Middleware\\ConvertEmptyStringsToNull->handle()
#49 /home/user/Projects/codecanyon/vendor/laravel/framework/src/Illuminate/Foundation/Http/Middleware/TransformsRequest.php(21): Illuminate\\Pipeline\\Pipeline->Illuminate\\Pipeline\\{closure}()
#50 /home/user/Projects/codecanyon/vendor/laravel/framework/src/Illuminate/Foundation/Http/Middleware/TrimStrings.php(40): Illuminate\\Foundation\\Http\\Middleware\\TransformsRequest->handle()
#51 /home/user/Projects/codecanyon/vendor/laravel/framework/src/Illuminate/Pipeline/Pipeline.php(183): Illuminate\\Foundation\\Http\\Middleware\\TrimStrings->handle()
#52 /home/user/Projects/codecanyon/vendor/laravel/framework/src/Illuminate/Foundation/Http/Middleware/ValidatePostSize.php(27): Illuminate\\Pipeline\\Pipeline->Illuminate\\Pipeline\\{closure}()
#53 /home/user/Projects/codecanyon/vendor/laravel/framework/src/Illuminate/Pipeline/Pipeline.php(183): Illuminate\\Foundation\\Http\\Middleware\\ValidatePostSize->handle()
#54 /home/user/Projects/codecanyon/vendor/laravel/framework/src/Illuminate/Foundation/Http/Middleware/PreventRequestsDuringMaintenance.php(99): Illuminate\\Pipeline\\Pipeline->Illuminate\\Pipeline\\{closure}()
#55 /home/user/Projects/codecanyon/vendor/laravel/framework/src/Illuminate/Pipeline/Pipeline.php(183): Illuminate\\Foundation\\Http\\Middleware\\PreventRequestsDuringMaintenance->handle()
#56 /home/user/Projects/codecanyon/vendor/laravel/framework/src/Illuminate/Http/Middleware/HandleCors.php(49): Illuminate\\Pipeline\\Pipeline->Illuminate\\Pipeline\\{closure}()
#57 /home/user/Projects/codecanyon/vendor/laravel/framework/src/Illuminate/Pipeline/Pipeline.php(183): Illuminate\\Http\\Middleware\\HandleCors->handle()
#58 /home/user/Projects/codecanyon/vendor/laravel/framework/src/Illuminate/Http/Middleware/TrustProxies.php(39): Illuminate\\Pipeline\\Pipeline->Illuminate\\Pipeline\\{closure}()
#59 /home/user/Projects/codecanyon/vendor/laravel/framework/src/Illuminate/Pipeline/Pipeline.php(183): Illuminate\\Http\\Middleware\\TrustProxies->handle()
#60 /home/user/Projects/codecanyon/vendor/laravel/framework/src/Illuminate/Pipeline/Pipeline.php(119): Illuminate\\Pipeline\\Pipeline->Illuminate\\Pipeline\\{closure}()
#61 /home/user/Projects/codecanyon/vendor/laravel/framework/src/Illuminate/Foundation/Http/Kernel.php(175): Illuminate\\Pipeline\\Pipeline->then()
#62 /home/user/Projects/codecanyon/vendor/laravel/framework/src/Illuminate/Foundation/Http/Kernel.php(144): Illuminate\\Foundation\\Http\\Kernel->sendRequestThroughRouter()
#63 /home/user/Projects/codecanyon/public/index.php(23): Illuminate\\Foundation\\Http\\Kernel->handle()
#64 /home/user/Projects/codecanyon/vendor/laravel/framework/src/Illuminate/Foundation/resources/server.php(16): require_once('...')
#65 {main}
"} 
