[2024-10-26 19:14:41] production.ERROR: Route [login] not defined. {"exception":"[object] (Symfony\\Component\\Routing\\Exception\\RouteNotFoundException(code: 0): Route [login] not defined. at /home/user/Projects/codecanyon/vendor/laravel/framework/src/Illuminate/Routing/UrlGenerator.php:477)
[stacktrace]
#0 /home/user/Projects/codecanyon/vendor/laravel/framework/src/Illuminate/Routing/Redirector.php(154): Illuminate\\Routing\\UrlGenerator->route()
#1 /home/user/Projects/codecanyon/app/Http/Controllers/ChatController.php(19): Illuminate\\Routing\\Redirector->route()
#2 /home/user/Projects/codecanyon/vendor/laravel/framework/src/Illuminate/Routing/Controller.php(54): App\\Http\\Controllers\\ChatController->index()
#3 /home/user/Projects/codecanyon/vendor/laravel/framework/src/Illuminate/Routing/ControllerDispatcher.php(43): Illuminate\\Routing\\Controller->callAction()
#4 /home/user/Projects/codecanyon/vendor/laravel/framework/src/Illuminate/Routing/Route.php(259): Illuminate\\Routing\\ControllerDispatcher->dispatch()
#5 /home/user/Projects/codecanyon/vendor/laravel/framework/src/Illuminate/Routing/Route.php(205): Illuminate\\Routing\\Route->runController()
#6 /home/user/Projects/codecanyon/vendor/laravel/framework/src/Illuminate/Routing/Router.php(806): Illuminate\\Routing\\Route->run()
#7 /home/user/Projects/codecanyon/vendor/laravel/framework/src/Illuminate/Pipeline/Pipeline.php(144): Illuminate\\Routing\\Router->Illuminate\\Routing\\{closure}()
#8 /home/user/Projects/codecanyon/platform/plugins/ecommerce/src/Http/Middleware/CaptureCouponMiddleware.php(21): Illuminate\\Pipeline\\Pipeline->Illuminate\\Pipeline\\{closure}()
#9 /home/user/Projects/codecanyon/vendor/laravel/framework/src/Illuminate/Pipeline/Pipeline.php(183): Botble\\Ecommerce\\Http\\Middleware\\CaptureCouponMiddleware->handle()
#10 /home/user/Projects/codecanyon/platform/plugins/ecommerce/src/Http/Middleware/CaptureFootprintsMiddleware.php(23): Illuminate\\Pipeline\\Pipeline->Illuminate\\Pipeline\\{closure}()
#11 /home/user/Projects/codecanyon/vendor/laravel/framework/src/Illuminate/Pipeline/Pipeline.php(183): Botble\\Ecommerce\\Http\\Middleware\\CaptureFootprintsMiddleware->handle()
#12 /home/user/Projects/codecanyon/vendor/botble/platform/base/src/Http/Middleware/HttpsProtocolMiddleware.php(16): Illuminate\\Pipeline\\Pipeline->Illuminate\\Pipeline\\{closure}()
#13 /home/user/Projects/codecanyon/vendor/laravel/framework/src/Illuminate/Pipeline/Pipeline.php(183): Botble\\Base\\Http\\Middleware\\HttpsProtocolMiddleware->handle()
#14 /home/user/Projects/codecanyon/vendor/botble/platform/base/src/Http/Middleware/AdminLocaleMiddleware.php(17): Illuminate\\Pipeline\\Pipeline->Illuminate\\Pipeline\\{closure}()
#15 /home/user/Projects/codecanyon/vendor/laravel/framework/src/Illuminate/Pipeline/Pipeline.php(183): Botble\\Base\\Http\\Middleware\\AdminLocaleMiddleware->handle()
#16 /home/user/Projects/codecanyon/vendor/botble/platform/base/src/Http/Middleware/LocaleMiddleware.php(29): Illuminate\\Pipeline\\Pipeline->Illuminate\\Pipeline\\{closure}()
#17 /home/user/Projects/codecanyon/vendor/laravel/framework/src/Illuminate/Pipeline/Pipeline.php(183): Botble\\Base\\Http\\Middleware\\LocaleMiddleware->handle()
#18 /home/user/Projects/codecanyon/vendor/botble/installer/src/Http/Middleware/RedirectIfNotInstalledMiddleware.php(17): Illuminate\\Pipeline\\Pipeline->Illuminate\\Pipeline\\{closure}()
#19 /home/user/Projects/codecanyon/vendor/laravel/framework/src/Illuminate/Pipeline/Pipeline.php(183): Botble\\Installer\\Http\\Middleware\\RedirectIfNotInstalledMiddleware->handle()
#20 /home/user/Projects/codecanyon/vendor/laravel/framework/src/Illuminate/Routing/Middleware/SubstituteBindings.php(50): Illuminate\\Pipeline\\Pipeline->Illuminate\\Pipeline\\{closure}()
#21 /home/user/Projects/codecanyon/vendor/laravel/framework/src/Illuminate/Pipeline/Pipeline.php(183): Illuminate\\Routing\\Middleware\\SubstituteBindings->handle()
#22 /home/user/Projects/codecanyon/vendor/laravel/framework/src/Illuminate/Foundation/Http/Middleware/VerifyCsrfToken.php(78): Illuminate\\Pipeline\\Pipeline->Illuminate\\Pipeline\\{closure}()
#23 /home/user/Projects/codecanyon/vendor/laravel/framework/src/Illuminate/Pipeline/Pipeline.php(183): Illuminate\\Foundation\\Http\\Middleware\\VerifyCsrfToken->handle()
#24 /home/user/Projects/codecanyon/vendor/laravel/framework/src/Illuminate/View/Middleware/ShareErrorsFromSession.php(49): Illuminate\\Pipeline\\Pipeline->Illuminate\\Pipeline\\{closure}()
#25 /home/user/Projects/codecanyon/vendor/laravel/framework/src/Illuminate/Pipeline/Pipeline.php(183): Illuminate\\View\\Middleware\\ShareErrorsFromSession->handle()
#26 /home/user/Projects/codecanyon/vendor/laravel/framework/src/Illuminate/Session/Middleware/StartSession.php(121): Illuminate\\Pipeline\\Pipeline->Illuminate\\Pipeline\\{closure}()
#27 /home/user/Projects/codecanyon/vendor/laravel/framework/src/Illuminate/Session/Middleware/StartSession.php(64): Illuminate\\Session\\Middleware\\StartSession->handleStatefulRequest()
#28 /home/user/Projects/codecanyon/vendor/laravel/framework/src/Illuminate/Pipeline/Pipeline.php(183): Illuminate\\Session\\Middleware\\StartSession->handle()
#29 /home/user/Projects/codecanyon/vendor/laravel/framework/src/Illuminate/Cookie/Middleware/AddQueuedCookiesToResponse.php(37): Illuminate\\Pipeline\\Pipeline->Illuminate\\Pipeline\\{closure}()
#30 /home/user/Projects/codecanyon/vendor/laravel/framework/src/Illuminate/Pipeline/Pipeline.php(183): Illuminate\\Cookie\\Middleware\\AddQueuedCookiesToResponse->handle()
#31 /home/user/Projects/codecanyon/vendor/laravel/framework/src/Illuminate/Cookie/Middleware/EncryptCookies.php(67): Illuminate\\Pipeline\\Pipeline->Illuminate\\Pipeline\\{closure}()
#32 /home/user/Projects/codecanyon/vendor/laravel/framework/src/Illuminate/Pipeline/Pipeline.php(183): Illuminate\\Cookie\\Middleware\\EncryptCookies->handle()
#33 /home/user/Projects/codecanyon/vendor/laravel/framework/src/Illuminate/Pipeline/Pipeline.php(119): Illuminate\\Pipeline\\Pipeline->Illuminate\\Pipeline\\{closure}()
#34 /home/user/Projects/codecanyon/vendor/laravel/framework/src/Illuminate/Routing/Router.php(805): Illuminate\\Pipeline\\Pipeline->then()
#35 /home/user/Projects/codecanyon/vendor/laravel/framework/src/Illuminate/Routing/Router.php(784): Illuminate\\Routing\\Router->runRouteWithinStack()
#36 /home/user/Projects/codecanyon/vendor/laravel/framework/src/Illuminate/Routing/Router.php(748): Illuminate\\Routing\\Router->runRoute()
#37 /home/user/Projects/codecanyon/vendor/laravel/framework/src/Illuminate/Routing/Router.php(737): Illuminate\\Routing\\Router->dispatchToRoute()
#38 /home/user/Projects/codecanyon/vendor/laravel/framework/src/Illuminate/Foundation/Http/Kernel.php(200): Illuminate\\Routing\\Router->dispatch()
#39 /home/user/Projects/codecanyon/vendor/laravel/framework/src/Illuminate/Pipeline/Pipeline.php(144): Illuminate\\Foundation\\Http\\Kernel->Illuminate\\Foundation\\Http\\{closure}()
#40 /home/user/Projects/codecanyon/vendor/botble/platform/js-validation/src/RemoteValidationMiddleware.php(43): Illuminate\\Pipeline\\Pipeline->Illuminate\\Pipeline\\{closure}()
#41 /home/user/Projects/codecanyon/vendor/laravel/framework/src/Illuminate/Pipeline/Pipeline.php(183): Botble\\JsValidation\\RemoteValidationMiddleware->handle()
#42 /home/user/Projects/codecanyon/vendor/laravel/framework/src/Illuminate/Foundation/Http/Middleware/TransformsRequest.php(21): Illuminate\\Pipeline\\Pipeline->Illuminate\\Pipeline\\{closure}()
#43 /home/user/Projects/codecanyon/vendor/laravel/framework/src/Illuminate/Foundation/Http/Middleware/ConvertEmptyStringsToNull.php(31): Illuminate\\Foundation\\Http\\Middleware\\TransformsRequest->handle()
#44 /home/user/Projects/codecanyon/vendor/laravel/framework/src/Illuminate/Pipeline/Pipeline.php(183): Illuminate\\Foundation\\Http\\Middleware\\ConvertEmptyStringsToNull->handle()
#45 /home/user/Projects/codecanyon/vendor/laravel/framework/src/Illuminate/Foundation/Http/Middleware/TransformsRequest.php(21): Illuminate\\Pipeline\\Pipeline->Illuminate\\Pipeline\\{closure}()
#46 /home/user/Projects/codecanyon/vendor/laravel/framework/src/Illuminate/Foundation/Http/Middleware/TrimStrings.php(40): Illuminate\\Foundation\\Http\\Middleware\\TransformsRequest->handle()
#47 /home/user/Projects/codecanyon/vendor/laravel/framework/src/Illuminate/Pipeline/Pipeline.php(183): Illuminate\\Foundation\\Http\\Middleware\\TrimStrings->handle()
#48 /home/user/Projects/codecanyon/vendor/laravel/framework/src/Illuminate/Foundation/Http/Middleware/ValidatePostSize.php(27): Illuminate\\Pipeline\\Pipeline->Illuminate\\Pipeline\\{closure}()
#49 /home/user/Projects/codecanyon/vendor/laravel/framework/src/Illuminate/Pipeline/Pipeline.php(183): Illuminate\\Foundation\\Http\\Middleware\\ValidatePostSize->handle()
#50 /home/user/Projects/codecanyon/vendor/laravel/framework/src/Illuminate/Foundation/Http/Middleware/PreventRequestsDuringMaintenance.php(99): Illuminate\\Pipeline\\Pipeline->Illuminate\\Pipeline\\{closure}()
#51 /home/user/Projects/codecanyon/vendor/laravel/framework/src/Illuminate/Pipeline/Pipeline.php(183): Illuminate\\Foundation\\Http\\Middleware\\PreventRequestsDuringMaintenance->handle()
#52 /home/user/Projects/codecanyon/vendor/laravel/framework/src/Illuminate/Http/Middleware/HandleCors.php(49): Illuminate\\Pipeline\\Pipeline->Illuminate\\Pipeline\\{closure}()
#53 /home/user/Projects/codecanyon/vendor/laravel/framework/src/Illuminate/Pipeline/Pipeline.php(183): Illuminate\\Http\\Middleware\\HandleCors->handle()
#54 /home/user/Projects/codecanyon/vendor/laravel/framework/src/Illuminate/Http/Middleware/TrustProxies.php(39): Illuminate\\Pipeline\\Pipeline->Illuminate\\Pipeline\\{closure}()
#55 /home/user/Projects/codecanyon/vendor/laravel/framework/src/Illuminate/Pipeline/Pipeline.php(183): Illuminate\\Http\\Middleware\\TrustProxies->handle()
#56 /home/user/Projects/codecanyon/vendor/laravel/framework/src/Illuminate/Pipeline/Pipeline.php(119): Illuminate\\Pipeline\\Pipeline->Illuminate\\Pipeline\\{closure}()
#57 /home/user/Projects/codecanyon/vendor/laravel/framework/src/Illuminate/Foundation/Http/Kernel.php(175): Illuminate\\Pipeline\\Pipeline->then()
#58 /home/user/Projects/codecanyon/vendor/laravel/framework/src/Illuminate/Foundation/Http/Kernel.php(144): Illuminate\\Foundation\\Http\\Kernel->sendRequestThroughRouter()
#59 /home/user/Projects/codecanyon/public/index.php(23): Illuminate\\Foundation\\Http\\Kernel->handle()
#60 /home/user/Projects/codecanyon/vendor/laravel/framework/src/Illuminate/Foundation/resources/server.php(16): require_once('...')
#61 {main}
"} 
[2024-10-26 19:15:02] production.INFO: Chat before save {"chat":{"App\\Models\\Chat":{"ec_product_id":"84","message":"12121","store_id":"6","sender_id":12,"user_id":"11"}}} 
[2024-10-26 19:15:02] production.INFO: Chat after save {"chat":{"App\\Models\\Chat":{"ec_product_id":"84","message":"12121","store_id":"6","sender_id":12,"user_id":"11","updated_at":"2024-10-26T19:15:02.000000Z","created_at":"2024-10-26T19:15:02.000000Z","id":29}}} 
[2024-10-26 21:59:17] production.ERROR: Route [chat.sendMessage] not defined. (View: /home/user/Projects/codecanyon/resources/views/chat/index.blade.php) {"exception":"[object] (Illuminate\\View\\ViewException(code: 0): Route [chat.sendMessage] not defined. (View: /home/user/Projects/codecanyon/resources/views/chat/index.blade.php) at /home/user/Projects/codecanyon/vendor/laravel/framework/src/Illuminate/Routing/UrlGenerator.php:477)
[stacktrace]
#0 /home/user/Projects/codecanyon/vendor/laravel/framework/src/Illuminate/View/Engines/PhpEngine.php(60): Illuminate\\View\\Engines\\CompilerEngine->handleViewException()
#1 /home/user/Projects/codecanyon/vendor/laravel/framework/src/Illuminate/View/Engines/CompilerEngine.php(72): Illuminate\\View\\Engines\\PhpEngine->evaluatePath()
#2 /home/user/Projects/codecanyon/vendor/laravel/framework/src/Illuminate/View/View.php(207): Illuminate\\View\\Engines\\CompilerEngine->get()
#3 /home/user/Projects/codecanyon/vendor/botble/shortcode/src/View/View.php(50): Illuminate\\View\\View->getContents()
#4 /home/user/Projects/codecanyon/vendor/laravel/framework/src/Illuminate/View/View.php(159): Botble\\Shortcode\\View\\View->renderContents()
#5 /home/user/Projects/codecanyon/vendor/laravel/framework/src/Illuminate/Http/Response.php(69): Illuminate\\View\\View->render()
#6 /home/user/Projects/codecanyon/vendor/laravel/framework/src/Illuminate/Http/Response.php(35): Illuminate\\Http\\Response->setContent()
#7 /home/user/Projects/codecanyon/vendor/laravel/framework/src/Illuminate/Routing/Router.php(918): Illuminate\\Http\\Response->__construct()
#8 /home/user/Projects/codecanyon/vendor/laravel/framework/src/Illuminate/Routing/Router.php(885): Illuminate\\Routing\\Router::toResponse()
#9 /home/user/Projects/codecanyon/vendor/laravel/framework/src/Illuminate/Routing/Router.php(805): Illuminate\\Routing\\Router->prepareResponse()
#10 /home/user/Projects/codecanyon/vendor/laravel/framework/src/Illuminate/Pipeline/Pipeline.php(144): Illuminate\\Routing\\Router->Illuminate\\Routing\\{closure}()
#11 /home/user/Projects/codecanyon/platform/plugins/ecommerce/src/Http/Middleware/CaptureCouponMiddleware.php(21): Illuminate\\Pipeline\\Pipeline->Illuminate\\Pipeline\\{closure}()
#12 /home/user/Projects/codecanyon/vendor/laravel/framework/src/Illuminate/Pipeline/Pipeline.php(183): Botble\\Ecommerce\\Http\\Middleware\\CaptureCouponMiddleware->handle()
#13 /home/user/Projects/codecanyon/platform/plugins/ecommerce/src/Http/Middleware/CaptureFootprintsMiddleware.php(23): Illuminate\\Pipeline\\Pipeline->Illuminate\\Pipeline\\{closure}()
#14 /home/user/Projects/codecanyon/vendor/laravel/framework/src/Illuminate/Pipeline/Pipeline.php(183): Botble\\Ecommerce\\Http\\Middleware\\CaptureFootprintsMiddleware->handle()
#15 /home/user/Projects/codecanyon/vendor/botble/platform/base/src/Http/Middleware/HttpsProtocolMiddleware.php(16): Illuminate\\Pipeline\\Pipeline->Illuminate\\Pipeline\\{closure}()
#16 /home/user/Projects/codecanyon/vendor/laravel/framework/src/Illuminate/Pipeline/Pipeline.php(183): Botble\\Base\\Http\\Middleware\\HttpsProtocolMiddleware->handle()
#17 /home/user/Projects/codecanyon/vendor/botble/platform/base/src/Http/Middleware/AdminLocaleMiddleware.php(17): Illuminate\\Pipeline\\Pipeline->Illuminate\\Pipeline\\{closure}()
#18 /home/user/Projects/codecanyon/vendor/laravel/framework/src/Illuminate/Pipeline/Pipeline.php(183): Botble\\Base\\Http\\Middleware\\AdminLocaleMiddleware->handle()
#19 /home/user/Projects/codecanyon/vendor/botble/platform/base/src/Http/Middleware/LocaleMiddleware.php(29): Illuminate\\Pipeline\\Pipeline->Illuminate\\Pipeline\\{closure}()
#20 /home/user/Projects/codecanyon/vendor/laravel/framework/src/Illuminate/Pipeline/Pipeline.php(183): Botble\\Base\\Http\\Middleware\\LocaleMiddleware->handle()
#21 /home/user/Projects/codecanyon/vendor/botble/installer/src/Http/Middleware/RedirectIfNotInstalledMiddleware.php(17): Illuminate\\Pipeline\\Pipeline->Illuminate\\Pipeline\\{closure}()
#22 /home/user/Projects/codecanyon/vendor/laravel/framework/src/Illuminate/Pipeline/Pipeline.php(183): Botble\\Installer\\Http\\Middleware\\RedirectIfNotInstalledMiddleware->handle()
#23 /home/user/Projects/codecanyon/vendor/laravel/framework/src/Illuminate/Routing/Middleware/SubstituteBindings.php(50): Illuminate\\Pipeline\\Pipeline->Illuminate\\Pipeline\\{closure}()
#24 /home/user/Projects/codecanyon/vendor/laravel/framework/src/Illuminate/Pipeline/Pipeline.php(183): Illuminate\\Routing\\Middleware\\SubstituteBindings->handle()
#25 /home/user/Projects/codecanyon/vendor/laravel/framework/src/Illuminate/Foundation/Http/Middleware/VerifyCsrfToken.php(78): Illuminate\\Pipeline\\Pipeline->Illuminate\\Pipeline\\{closure}()
#26 /home/user/Projects/codecanyon/vendor/laravel/framework/src/Illuminate/Pipeline/Pipeline.php(183): Illuminate\\Foundation\\Http\\Middleware\\VerifyCsrfToken->handle()
#27 /home/user/Projects/codecanyon/vendor/laravel/framework/src/Illuminate/View/Middleware/ShareErrorsFromSession.php(49): Illuminate\\Pipeline\\Pipeline->Illuminate\\Pipeline\\{closure}()
#28 /home/user/Projects/codecanyon/vendor/laravel/framework/src/Illuminate/Pipeline/Pipeline.php(183): Illuminate\\View\\Middleware\\ShareErrorsFromSession->handle()
#29 /home/user/Projects/codecanyon/vendor/laravel/framework/src/Illuminate/Session/Middleware/StartSession.php(121): Illuminate\\Pipeline\\Pipeline->Illuminate\\Pipeline\\{closure}()
#30 /home/user/Projects/codecanyon/vendor/laravel/framework/src/Illuminate/Session/Middleware/StartSession.php(64): Illuminate\\Session\\Middleware\\StartSession->handleStatefulRequest()
#31 /home/user/Projects/codecanyon/vendor/laravel/framework/src/Illuminate/Pipeline/Pipeline.php(183): Illuminate\\Session\\Middleware\\StartSession->handle()
#32 /home/user/Projects/codecanyon/vendor/laravel/framework/src/Illuminate/Cookie/Middleware/AddQueuedCookiesToResponse.php(37): Illuminate\\Pipeline\\Pipeline->Illuminate\\Pipeline\\{closure}()
#33 /home/user/Projects/codecanyon/vendor/laravel/framework/src/Illuminate/Pipeline/Pipeline.php(183): Illuminate\\Cookie\\Middleware\\AddQueuedCookiesToResponse->handle()
#34 /home/user/Projects/codecanyon/vendor/laravel/framework/src/Illuminate/Cookie/Middleware/EncryptCookies.php(67): Illuminate\\Pipeline\\Pipeline->Illuminate\\Pipeline\\{closure}()
#35 /home/user/Projects/codecanyon/vendor/laravel/framework/src/Illuminate/Pipeline/Pipeline.php(183): Illuminate\\Cookie\\Middleware\\EncryptCookies->handle()
#36 /home/user/Projects/codecanyon/vendor/laravel/framework/src/Illuminate/Pipeline/Pipeline.php(119): Illuminate\\Pipeline\\Pipeline->Illuminate\\Pipeline\\{closure}()
#37 /home/user/Projects/codecanyon/vendor/laravel/framework/src/Illuminate/Routing/Router.php(805): Illuminate\\Pipeline\\Pipeline->then()
#38 /home/user/Projects/codecanyon/vendor/laravel/framework/src/Illuminate/Routing/Router.php(784): Illuminate\\Routing\\Router->runRouteWithinStack()
#39 /home/user/Projects/codecanyon/vendor/laravel/framework/src/Illuminate/Routing/Router.php(748): Illuminate\\Routing\\Router->runRoute()
#40 /home/user/Projects/codecanyon/vendor/laravel/framework/src/Illuminate/Routing/Router.php(737): Illuminate\\Routing\\Router->dispatchToRoute()
#41 /home/user/Projects/codecanyon/vendor/laravel/framework/src/Illuminate/Foundation/Http/Kernel.php(200): Illuminate\\Routing\\Router->dispatch()
#42 /home/user/Projects/codecanyon/vendor/laravel/framework/src/Illuminate/Pipeline/Pipeline.php(144): Illuminate\\Foundation\\Http\\Kernel->Illuminate\\Foundation\\Http\\{closure}()
#43 /home/user/Projects/codecanyon/vendor/botble/platform/js-validation/src/RemoteValidationMiddleware.php(43): Illuminate\\Pipeline\\Pipeline->Illuminate\\Pipeline\\{closure}()
#44 /home/user/Projects/codecanyon/vendor/laravel/framework/src/Illuminate/Pipeline/Pipeline.php(183): Botble\\JsValidation\\RemoteValidationMiddleware->handle()
#45 /home/user/Projects/codecanyon/vendor/laravel/framework/src/Illuminate/Foundation/Http/Middleware/TransformsRequest.php(21): Illuminate\\Pipeline\\Pipeline->Illuminate\\Pipeline\\{closure}()
#46 /home/user/Projects/codecanyon/vendor/laravel/framework/src/Illuminate/Foundation/Http/Middleware/ConvertEmptyStringsToNull.php(31): Illuminate\\Foundation\\Http\\Middleware\\TransformsRequest->handle()
#47 /home/user/Projects/codecanyon/vendor/laravel/framework/src/Illuminate/Pipeline/Pipeline.php(183): Illuminate\\Foundation\\Http\\Middleware\\ConvertEmptyStringsToNull->handle()
#48 /home/user/Projects/codecanyon/vendor/laravel/framework/src/Illuminate/Foundation/Http/Middleware/TransformsRequest.php(21): Illuminate\\Pipeline\\Pipeline->Illuminate\\Pipeline\\{closure}()
#49 /home/user/Projects/codecanyon/vendor/laravel/framework/src/Illuminate/Foundation/Http/Middleware/TrimStrings.php(40): Illuminate\\Foundation\\Http\\Middleware\\TransformsRequest->handle()
#50 /home/user/Projects/codecanyon/vendor/laravel/framework/src/Illuminate/Pipeline/Pipeline.php(183): Illuminate\\Foundation\\Http\\Middleware\\TrimStrings->handle()
#51 /home/user/Projects/codecanyon/vendor/laravel/framework/src/Illuminate/Foundation/Http/Middleware/ValidatePostSize.php(27): Illuminate\\Pipeline\\Pipeline->Illuminate\\Pipeline\\{closure}()
#52 /home/user/Projects/codecanyon/vendor/laravel/framework/src/Illuminate/Pipeline/Pipeline.php(183): Illuminate\\Foundation\\Http\\Middleware\\ValidatePostSize->handle()
#53 /home/user/Projects/codecanyon/vendor/laravel/framework/src/Illuminate/Foundation/Http/Middleware/PreventRequestsDuringMaintenance.php(99): Illuminate\\Pipeline\\Pipeline->Illuminate\\Pipeline\\{closure}()
#54 /home/user/Projects/codecanyon/vendor/laravel/framework/src/Illuminate/Pipeline/Pipeline.php(183): Illuminate\\Foundation\\Http\\Middleware\\PreventRequestsDuringMaintenance->handle()
#55 /home/user/Projects/codecanyon/vendor/laravel/framework/src/Illuminate/Http/Middleware/HandleCors.php(49): Illuminate\\Pipeline\\Pipeline->Illuminate\\Pipeline\\{closure}()
#56 /home/user/Projects/codecanyon/vendor/laravel/framework/src/Illuminate/Pipeline/Pipeline.php(183): Illuminate\\Http\\Middleware\\HandleCors->handle()
#57 /home/user/Projects/codecanyon/vendor/laravel/framework/src/Illuminate/Http/Middleware/TrustProxies.php(39): Illuminate\\Pipeline\\Pipeline->Illuminate\\Pipeline\\{closure}()
#58 /home/user/Projects/codecanyon/vendor/laravel/framework/src/Illuminate/Pipeline/Pipeline.php(183): Illuminate\\Http\\Middleware\\TrustProxies->handle()
#59 /home/user/Projects/codecanyon/vendor/laravel/framework/src/Illuminate/Pipeline/Pipeline.php(119): Illuminate\\Pipeline\\Pipeline->Illuminate\\Pipeline\\{closure}()
#60 /home/user/Projects/codecanyon/vendor/laravel/framework/src/Illuminate/Foundation/Http/Kernel.php(175): Illuminate\\Pipeline\\Pipeline->then()
#61 /home/user/Projects/codecanyon/vendor/laravel/framework/src/Illuminate/Foundation/Http/Kernel.php(144): Illuminate\\Foundation\\Http\\Kernel->sendRequestThroughRouter()
#62 /home/user/Projects/codecanyon/public/index.php(23): Illuminate\\Foundation\\Http\\Kernel->handle()
#63 /home/user/Projects/codecanyon/vendor/laravel/framework/src/Illuminate/Foundation/resources/server.php(16): require_once('...')
#64 {main}

[previous exception] [object] (Symfony\\Component\\Routing\\Exception\\RouteNotFoundException(code: 0): Route [chat.sendMessage] not defined. at /home/user/Projects/codecanyon/vendor/laravel/framework/src/Illuminate/Routing/UrlGenerator.php:477)
[stacktrace]
#0 /home/user/Projects/codecanyon/vendor/laravel/framework/src/Illuminate/Foundation/helpers.php(811): Illuminate\\Routing\\UrlGenerator->route()
#1 /home/user/Projects/codecanyon/storage/framework/views/65e35085f9529c0f949083d59b1a82fb.php(16): route()
#2 /home/user/Projects/codecanyon/vendor/laravel/framework/src/Illuminate/Filesystem/Filesystem.php(123): require('...')
#3 /home/user/Projects/codecanyon/vendor/laravel/framework/src/Illuminate/Filesystem/Filesystem.php(124): Illuminate\\Filesystem\\Filesystem::Illuminate\\Filesystem\\{closure}()
#4 /home/user/Projects/codecanyon/vendor/laravel/framework/src/Illuminate/View/Engines/PhpEngine.php(58): Illuminate\\Filesystem\\Filesystem->getRequire()
#5 /home/user/Projects/codecanyon/vendor/laravel/framework/src/Illuminate/View/Engines/CompilerEngine.php(72): Illuminate\\View\\Engines\\PhpEngine->evaluatePath()
#6 /home/user/Projects/codecanyon/vendor/laravel/framework/src/Illuminate/View/View.php(207): Illuminate\\View\\Engines\\CompilerEngine->get()
#7 /home/user/Projects/codecanyon/vendor/botble/shortcode/src/View/View.php(50): Illuminate\\View\\View->getContents()
#8 /home/user/Projects/codecanyon/vendor/laravel/framework/src/Illuminate/View/View.php(159): Botble\\Shortcode\\View\\View->renderContents()
#9 /home/user/Projects/codecanyon/vendor/laravel/framework/src/Illuminate/Http/Response.php(69): Illuminate\\View\\View->render()
#10 /home/user/Projects/codecanyon/vendor/laravel/framework/src/Illuminate/Http/Response.php(35): Illuminate\\Http\\Response->setContent()
#11 /home/user/Projects/codecanyon/vendor/laravel/framework/src/Illuminate/Routing/Router.php(918): Illuminate\\Http\\Response->__construct()
#12 /home/user/Projects/codecanyon/vendor/laravel/framework/src/Illuminate/Routing/Router.php(885): Illuminate\\Routing\\Router::toResponse()
#13 /home/user/Projects/codecanyon/vendor/laravel/framework/src/Illuminate/Routing/Router.php(805): Illuminate\\Routing\\Router->prepareResponse()
#14 /home/user/Projects/codecanyon/vendor/laravel/framework/src/Illuminate/Pipeline/Pipeline.php(144): Illuminate\\Routing\\Router->Illuminate\\Routing\\{closure}()
#15 /home/user/Projects/codecanyon/platform/plugins/ecommerce/src/Http/Middleware/CaptureCouponMiddleware.php(21): Illuminate\\Pipeline\\Pipeline->Illuminate\\Pipeline\\{closure}()
#16 /home/user/Projects/codecanyon/vendor/laravel/framework/src/Illuminate/Pipeline/Pipeline.php(183): Botble\\Ecommerce\\Http\\Middleware\\CaptureCouponMiddleware->handle()
#17 /home/user/Projects/codecanyon/platform/plugins/ecommerce/src/Http/Middleware/CaptureFootprintsMiddleware.php(23): Illuminate\\Pipeline\\Pipeline->Illuminate\\Pipeline\\{closure}()
#18 /home/user/Projects/codecanyon/vendor/laravel/framework/src/Illuminate/Pipeline/Pipeline.php(183): Botble\\Ecommerce\\Http\\Middleware\\CaptureFootprintsMiddleware->handle()
#19 /home/user/Projects/codecanyon/vendor/botble/platform/base/src/Http/Middleware/HttpsProtocolMiddleware.php(16): Illuminate\\Pipeline\\Pipeline->Illuminate\\Pipeline\\{closure}()
#20 /home/user/Projects/codecanyon/vendor/laravel/framework/src/Illuminate/Pipeline/Pipeline.php(183): Botble\\Base\\Http\\Middleware\\HttpsProtocolMiddleware->handle()
#21 /home/user/Projects/codecanyon/vendor/botble/platform/base/src/Http/Middleware/AdminLocaleMiddleware.php(17): Illuminate\\Pipeline\\Pipeline->Illuminate\\Pipeline\\{closure}()
#22 /home/user/Projects/codecanyon/vendor/laravel/framework/src/Illuminate/Pipeline/Pipeline.php(183): Botble\\Base\\Http\\Middleware\\AdminLocaleMiddleware->handle()
#23 /home/user/Projects/codecanyon/vendor/botble/platform/base/src/Http/Middleware/LocaleMiddleware.php(29): Illuminate\\Pipeline\\Pipeline->Illuminate\\Pipeline\\{closure}()
#24 /home/user/Projects/codecanyon/vendor/laravel/framework/src/Illuminate/Pipeline/Pipeline.php(183): Botble\\Base\\Http\\Middleware\\LocaleMiddleware->handle()
#25 /home/user/Projects/codecanyon/vendor/botble/installer/src/Http/Middleware/RedirectIfNotInstalledMiddleware.php(17): Illuminate\\Pipeline\\Pipeline->Illuminate\\Pipeline\\{closure}()
#26 /home/user/Projects/codecanyon/vendor/laravel/framework/src/Illuminate/Pipeline/Pipeline.php(183): Botble\\Installer\\Http\\Middleware\\RedirectIfNotInstalledMiddleware->handle()
#27 /home/user/Projects/codecanyon/vendor/laravel/framework/src/Illuminate/Routing/Middleware/SubstituteBindings.php(50): Illuminate\\Pipeline\\Pipeline->Illuminate\\Pipeline\\{closure}()
#28 /home/user/Projects/codecanyon/vendor/laravel/framework/src/Illuminate/Pipeline/Pipeline.php(183): Illuminate\\Routing\\Middleware\\SubstituteBindings->handle()
#29 /home/user/Projects/codecanyon/vendor/laravel/framework/src/Illuminate/Foundation/Http/Middleware/VerifyCsrfToken.php(78): Illuminate\\Pipeline\\Pipeline->Illuminate\\Pipeline\\{closure}()
#30 /home/user/Projects/codecanyon/vendor/laravel/framework/src/Illuminate/Pipeline/Pipeline.php(183): Illuminate\\Foundation\\Http\\Middleware\\VerifyCsrfToken->handle()
#31 /home/user/Projects/codecanyon/vendor/laravel/framework/src/Illuminate/View/Middleware/ShareErrorsFromSession.php(49): Illuminate\\Pipeline\\Pipeline->Illuminate\\Pipeline\\{closure}()
#32 /home/user/Projects/codecanyon/vendor/laravel/framework/src/Illuminate/Pipeline/Pipeline.php(183): Illuminate\\View\\Middleware\\ShareErrorsFromSession->handle()
#33 /home/user/Projects/codecanyon/vendor/laravel/framework/src/Illuminate/Session/Middleware/StartSession.php(121): Illuminate\\Pipeline\\Pipeline->Illuminate\\Pipeline\\{closure}()
#34 /home/user/Projects/codecanyon/vendor/laravel/framework/src/Illuminate/Session/Middleware/StartSession.php(64): Illuminate\\Session\\Middleware\\StartSession->handleStatefulRequest()
#35 /home/user/Projects/codecanyon/vendor/laravel/framework/src/Illuminate/Pipeline/Pipeline.php(183): Illuminate\\Session\\Middleware\\StartSession->handle()
#36 /home/user/Projects/codecanyon/vendor/laravel/framework/src/Illuminate/Cookie/Middleware/AddQueuedCookiesToResponse.php(37): Illuminate\\Pipeline\\Pipeline->Illuminate\\Pipeline\\{closure}()
#37 /home/user/Projects/codecanyon/vendor/laravel/framework/src/Illuminate/Pipeline/Pipeline.php(183): Illuminate\\Cookie\\Middleware\\AddQueuedCookiesToResponse->handle()
#38 /home/user/Projects/codecanyon/vendor/laravel/framework/src/Illuminate/Cookie/Middleware/EncryptCookies.php(67): Illuminate\\Pipeline\\Pipeline->Illuminate\\Pipeline\\{closure}()
#39 /home/user/Projects/codecanyon/vendor/laravel/framework/src/Illuminate/Pipeline/Pipeline.php(183): Illuminate\\Cookie\\Middleware\\EncryptCookies->handle()
#40 /home/user/Projects/codecanyon/vendor/laravel/framework/src/Illuminate/Pipeline/Pipeline.php(119): Illuminate\\Pipeline\\Pipeline->Illuminate\\Pipeline\\{closure}()
#41 /home/user/Projects/codecanyon/vendor/laravel/framework/src/Illuminate/Routing/Router.php(805): Illuminate\\Pipeline\\Pipeline->then()
#42 /home/user/Projects/codecanyon/vendor/laravel/framework/src/Illuminate/Routing/Router.php(784): Illuminate\\Routing\\Router->runRouteWithinStack()
#43 /home/user/Projects/codecanyon/vendor/laravel/framework/src/Illuminate/Routing/Router.php(748): Illuminate\\Routing\\Router->runRoute()
#44 /home/user/Projects/codecanyon/vendor/laravel/framework/src/Illuminate/Routing/Router.php(737): Illuminate\\Routing\\Router->dispatchToRoute()
#45 /home/user/Projects/codecanyon/vendor/laravel/framework/src/Illuminate/Foundation/Http/Kernel.php(200): Illuminate\\Routing\\Router->dispatch()
#46 /home/user/Projects/codecanyon/vendor/laravel/framework/src/Illuminate/Pipeline/Pipeline.php(144): Illuminate\\Foundation\\Http\\Kernel->Illuminate\\Foundation\\Http\\{closure}()
#47 /home/user/Projects/codecanyon/vendor/botble/platform/js-validation/src/RemoteValidationMiddleware.php(43): Illuminate\\Pipeline\\Pipeline->Illuminate\\Pipeline\\{closure}()
#48 /home/user/Projects/codecanyon/vendor/laravel/framework/src/Illuminate/Pipeline/Pipeline.php(183): Botble\\JsValidation\\RemoteValidationMiddleware->handle()
#49 /home/user/Projects/codecanyon/vendor/laravel/framework/src/Illuminate/Foundation/Http/Middleware/TransformsRequest.php(21): Illuminate\\Pipeline\\Pipeline->Illuminate\\Pipeline\\{closure}()
#50 /home/user/Projects/codecanyon/vendor/laravel/framework/src/Illuminate/Foundation/Http/Middleware/ConvertEmptyStringsToNull.php(31): Illuminate\\Foundation\\Http\\Middleware\\TransformsRequest->handle()
#51 /home/user/Projects/codecanyon/vendor/laravel/framework/src/Illuminate/Pipeline/Pipeline.php(183): Illuminate\\Foundation\\Http\\Middleware\\ConvertEmptyStringsToNull->handle()
#52 /home/user/Projects/codecanyon/vendor/laravel/framework/src/Illuminate/Foundation/Http/Middleware/TransformsRequest.php(21): Illuminate\\Pipeline\\Pipeline->Illuminate\\Pipeline\\{closure}()
#53 /home/user/Projects/codecanyon/vendor/laravel/framework/src/Illuminate/Foundation/Http/Middleware/TrimStrings.php(40): Illuminate\\Foundation\\Http\\Middleware\\TransformsRequest->handle()
#54 /home/user/Projects/codecanyon/vendor/laravel/framework/src/Illuminate/Pipeline/Pipeline.php(183): Illuminate\\Foundation\\Http\\Middleware\\TrimStrings->handle()
#55 /home/user/Projects/codecanyon/vendor/laravel/framework/src/Illuminate/Foundation/Http/Middleware/ValidatePostSize.php(27): Illuminate\\Pipeline\\Pipeline->Illuminate\\Pipeline\\{closure}()
#56 /home/user/Projects/codecanyon/vendor/laravel/framework/src/Illuminate/Pipeline/Pipeline.php(183): Illuminate\\Foundation\\Http\\Middleware\\ValidatePostSize->handle()
#57 /home/user/Projects/codecanyon/vendor/laravel/framework/src/Illuminate/Foundation/Http/Middleware/PreventRequestsDuringMaintenance.php(99): Illuminate\\Pipeline\\Pipeline->Illuminate\\Pipeline\\{closure}()
#58 /home/user/Projects/codecanyon/vendor/laravel/framework/src/Illuminate/Pipeline/Pipeline.php(183): Illuminate\\Foundation\\Http\\Middleware\\PreventRequestsDuringMaintenance->handle()
#59 /home/user/Projects/codecanyon/vendor/laravel/framework/src/Illuminate/Http/Middleware/HandleCors.php(49): Illuminate\\Pipeline\\Pipeline->Illuminate\\Pipeline\\{closure}()
#60 /home/user/Projects/codecanyon/vendor/laravel/framework/src/Illuminate/Pipeline/Pipeline.php(183): Illuminate\\Http\\Middleware\\HandleCors->handle()
#61 /home/user/Projects/codecanyon/vendor/laravel/framework/src/Illuminate/Http/Middleware/TrustProxies.php(39): Illuminate\\Pipeline\\Pipeline->Illuminate\\Pipeline\\{closure}()
#62 /home/user/Projects/codecanyon/vendor/laravel/framework/src/Illuminate/Pipeline/Pipeline.php(183): Illuminate\\Http\\Middleware\\TrustProxies->handle()
#63 /home/user/Projects/codecanyon/vendor/laravel/framework/src/Illuminate/Pipeline/Pipeline.php(119): Illuminate\\Pipeline\\Pipeline->Illuminate\\Pipeline\\{closure}()
#64 /home/user/Projects/codecanyon/vendor/laravel/framework/src/Illuminate/Foundation/Http/Kernel.php(175): Illuminate\\Pipeline\\Pipeline->then()
#65 /home/user/Projects/codecanyon/vendor/laravel/framework/src/Illuminate/Foundation/Http/Kernel.php(144): Illuminate\\Foundation\\Http\\Kernel->sendRequestThroughRouter()
#66 /home/user/Projects/codecanyon/public/index.php(23): Illuminate\\Foundation\\Http\\Kernel->handle()
#67 /home/user/Projects/codecanyon/vendor/laravel/framework/src/Illuminate/Foundation/resources/server.php(16): require_once('...')
#68 {main}
"} 
[2024-10-26 22:07:28] production.ERROR: Route [login] not defined. {"exception":"[object] (Symfony\\Component\\Routing\\Exception\\RouteNotFoundException(code: 0): Route [login] not defined. at /home/user/Projects/codecanyon/vendor/laravel/framework/src/Illuminate/Routing/UrlGenerator.php:477)
[stacktrace]
#0 /home/user/Projects/codecanyon/vendor/laravel/framework/src/Illuminate/Routing/Redirector.php(154): Illuminate\\Routing\\UrlGenerator->route()
#1 /home/user/Projects/codecanyon/app/Http/Controllers/ChatController.php(19): Illuminate\\Routing\\Redirector->route()
#2 /home/user/Projects/codecanyon/vendor/laravel/framework/src/Illuminate/Routing/Controller.php(54): App\\Http\\Controllers\\ChatController->index()
#3 /home/user/Projects/codecanyon/vendor/laravel/framework/src/Illuminate/Routing/ControllerDispatcher.php(43): Illuminate\\Routing\\Controller->callAction()
#4 /home/user/Projects/codecanyon/vendor/laravel/framework/src/Illuminate/Routing/Route.php(259): Illuminate\\Routing\\ControllerDispatcher->dispatch()
#5 /home/user/Projects/codecanyon/vendor/laravel/framework/src/Illuminate/Routing/Route.php(205): Illuminate\\Routing\\Route->runController()
#6 /home/user/Projects/codecanyon/vendor/laravel/framework/src/Illuminate/Routing/Router.php(806): Illuminate\\Routing\\Route->run()
#7 /home/user/Projects/codecanyon/vendor/laravel/framework/src/Illuminate/Pipeline/Pipeline.php(144): Illuminate\\Routing\\Router->Illuminate\\Routing\\{closure}()
#8 /home/user/Projects/codecanyon/platform/plugins/ecommerce/src/Http/Middleware/CaptureCouponMiddleware.php(21): Illuminate\\Pipeline\\Pipeline->Illuminate\\Pipeline\\{closure}()
#9 /home/user/Projects/codecanyon/vendor/laravel/framework/src/Illuminate/Pipeline/Pipeline.php(183): Botble\\Ecommerce\\Http\\Middleware\\CaptureCouponMiddleware->handle()
#10 /home/user/Projects/codecanyon/platform/plugins/ecommerce/src/Http/Middleware/CaptureFootprintsMiddleware.php(23): Illuminate\\Pipeline\\Pipeline->Illuminate\\Pipeline\\{closure}()
#11 /home/user/Projects/codecanyon/vendor/laravel/framework/src/Illuminate/Pipeline/Pipeline.php(183): Botble\\Ecommerce\\Http\\Middleware\\CaptureFootprintsMiddleware->handle()
#12 /home/user/Projects/codecanyon/vendor/botble/platform/base/src/Http/Middleware/HttpsProtocolMiddleware.php(16): Illuminate\\Pipeline\\Pipeline->Illuminate\\Pipeline\\{closure}()
#13 /home/user/Projects/codecanyon/vendor/laravel/framework/src/Illuminate/Pipeline/Pipeline.php(183): Botble\\Base\\Http\\Middleware\\HttpsProtocolMiddleware->handle()
#14 /home/user/Projects/codecanyon/vendor/botble/platform/base/src/Http/Middleware/AdminLocaleMiddleware.php(17): Illuminate\\Pipeline\\Pipeline->Illuminate\\Pipeline\\{closure}()
#15 /home/user/Projects/codecanyon/vendor/laravel/framework/src/Illuminate/Pipeline/Pipeline.php(183): Botble\\Base\\Http\\Middleware\\AdminLocaleMiddleware->handle()
#16 /home/user/Projects/codecanyon/vendor/botble/platform/base/src/Http/Middleware/LocaleMiddleware.php(29): Illuminate\\Pipeline\\Pipeline->Illuminate\\Pipeline\\{closure}()
#17 /home/user/Projects/codecanyon/vendor/laravel/framework/src/Illuminate/Pipeline/Pipeline.php(183): Botble\\Base\\Http\\Middleware\\LocaleMiddleware->handle()
#18 /home/user/Projects/codecanyon/vendor/botble/installer/src/Http/Middleware/RedirectIfNotInstalledMiddleware.php(17): Illuminate\\Pipeline\\Pipeline->Illuminate\\Pipeline\\{closure}()
#19 /home/user/Projects/codecanyon/vendor/laravel/framework/src/Illuminate/Pipeline/Pipeline.php(183): Botble\\Installer\\Http\\Middleware\\RedirectIfNotInstalledMiddleware->handle()
#20 /home/user/Projects/codecanyon/vendor/laravel/framework/src/Illuminate/Routing/Middleware/SubstituteBindings.php(50): Illuminate\\Pipeline\\Pipeline->Illuminate\\Pipeline\\{closure}()
#21 /home/user/Projects/codecanyon/vendor/laravel/framework/src/Illuminate/Pipeline/Pipeline.php(183): Illuminate\\Routing\\Middleware\\SubstituteBindings->handle()
#22 /home/user/Projects/codecanyon/vendor/laravel/framework/src/Illuminate/Foundation/Http/Middleware/VerifyCsrfToken.php(78): Illuminate\\Pipeline\\Pipeline->Illuminate\\Pipeline\\{closure}()
#23 /home/user/Projects/codecanyon/vendor/laravel/framework/src/Illuminate/Pipeline/Pipeline.php(183): Illuminate\\Foundation\\Http\\Middleware\\VerifyCsrfToken->handle()
#24 /home/user/Projects/codecanyon/vendor/laravel/framework/src/Illuminate/View/Middleware/ShareErrorsFromSession.php(49): Illuminate\\Pipeline\\Pipeline->Illuminate\\Pipeline\\{closure}()
#25 /home/user/Projects/codecanyon/vendor/laravel/framework/src/Illuminate/Pipeline/Pipeline.php(183): Illuminate\\View\\Middleware\\ShareErrorsFromSession->handle()
#26 /home/user/Projects/codecanyon/vendor/laravel/framework/src/Illuminate/Session/Middleware/StartSession.php(121): Illuminate\\Pipeline\\Pipeline->Illuminate\\Pipeline\\{closure}()
#27 /home/user/Projects/codecanyon/vendor/laravel/framework/src/Illuminate/Session/Middleware/StartSession.php(64): Illuminate\\Session\\Middleware\\StartSession->handleStatefulRequest()
#28 /home/user/Projects/codecanyon/vendor/laravel/framework/src/Illuminate/Pipeline/Pipeline.php(183): Illuminate\\Session\\Middleware\\StartSession->handle()
#29 /home/user/Projects/codecanyon/vendor/laravel/framework/src/Illuminate/Cookie/Middleware/AddQueuedCookiesToResponse.php(37): Illuminate\\Pipeline\\Pipeline->Illuminate\\Pipeline\\{closure}()
#30 /home/user/Projects/codecanyon/vendor/laravel/framework/src/Illuminate/Pipeline/Pipeline.php(183): Illuminate\\Cookie\\Middleware\\AddQueuedCookiesToResponse->handle()
#31 /home/user/Projects/codecanyon/vendor/laravel/framework/src/Illuminate/Cookie/Middleware/EncryptCookies.php(67): Illuminate\\Pipeline\\Pipeline->Illuminate\\Pipeline\\{closure}()
#32 /home/user/Projects/codecanyon/vendor/laravel/framework/src/Illuminate/Pipeline/Pipeline.php(183): Illuminate\\Cookie\\Middleware\\EncryptCookies->handle()
#33 /home/user/Projects/codecanyon/vendor/laravel/framework/src/Illuminate/Pipeline/Pipeline.php(119): Illuminate\\Pipeline\\Pipeline->Illuminate\\Pipeline\\{closure}()
#34 /home/user/Projects/codecanyon/vendor/laravel/framework/src/Illuminate/Routing/Router.php(805): Illuminate\\Pipeline\\Pipeline->then()
#35 /home/user/Projects/codecanyon/vendor/laravel/framework/src/Illuminate/Routing/Router.php(784): Illuminate\\Routing\\Router->runRouteWithinStack()
#36 /home/user/Projects/codecanyon/vendor/laravel/framework/src/Illuminate/Routing/Router.php(748): Illuminate\\Routing\\Router->runRoute()
#37 /home/user/Projects/codecanyon/vendor/laravel/framework/src/Illuminate/Routing/Router.php(737): Illuminate\\Routing\\Router->dispatchToRoute()
#38 /home/user/Projects/codecanyon/vendor/laravel/framework/src/Illuminate/Foundation/Http/Kernel.php(200): Illuminate\\Routing\\Router->dispatch()
#39 /home/user/Projects/codecanyon/vendor/laravel/framework/src/Illuminate/Pipeline/Pipeline.php(144): Illuminate\\Foundation\\Http\\Kernel->Illuminate\\Foundation\\Http\\{closure}()
#40 /home/user/Projects/codecanyon/vendor/botble/platform/js-validation/src/RemoteValidationMiddleware.php(43): Illuminate\\Pipeline\\Pipeline->Illuminate\\Pipeline\\{closure}()
#41 /home/user/Projects/codecanyon/vendor/laravel/framework/src/Illuminate/Pipeline/Pipeline.php(183): Botble\\JsValidation\\RemoteValidationMiddleware->handle()
#42 /home/user/Projects/codecanyon/vendor/laravel/framework/src/Illuminate/Foundation/Http/Middleware/TransformsRequest.php(21): Illuminate\\Pipeline\\Pipeline->Illuminate\\Pipeline\\{closure}()
#43 /home/user/Projects/codecanyon/vendor/laravel/framework/src/Illuminate/Foundation/Http/Middleware/ConvertEmptyStringsToNull.php(31): Illuminate\\Foundation\\Http\\Middleware\\TransformsRequest->handle()
#44 /home/user/Projects/codecanyon/vendor/laravel/framework/src/Illuminate/Pipeline/Pipeline.php(183): Illuminate\\Foundation\\Http\\Middleware\\ConvertEmptyStringsToNull->handle()
#45 /home/user/Projects/codecanyon/vendor/laravel/framework/src/Illuminate/Foundation/Http/Middleware/TransformsRequest.php(21): Illuminate\\Pipeline\\Pipeline->Illuminate\\Pipeline\\{closure}()
#46 /home/user/Projects/codecanyon/vendor/laravel/framework/src/Illuminate/Foundation/Http/Middleware/TrimStrings.php(40): Illuminate\\Foundation\\Http\\Middleware\\TransformsRequest->handle()
#47 /home/user/Projects/codecanyon/vendor/laravel/framework/src/Illuminate/Pipeline/Pipeline.php(183): Illuminate\\Foundation\\Http\\Middleware\\TrimStrings->handle()
#48 /home/user/Projects/codecanyon/vendor/laravel/framework/src/Illuminate/Foundation/Http/Middleware/ValidatePostSize.php(27): Illuminate\\Pipeline\\Pipeline->Illuminate\\Pipeline\\{closure}()
#49 /home/user/Projects/codecanyon/vendor/laravel/framework/src/Illuminate/Pipeline/Pipeline.php(183): Illuminate\\Foundation\\Http\\Middleware\\ValidatePostSize->handle()
#50 /home/user/Projects/codecanyon/vendor/laravel/framework/src/Illuminate/Foundation/Http/Middleware/PreventRequestsDuringMaintenance.php(99): Illuminate\\Pipeline\\Pipeline->Illuminate\\Pipeline\\{closure}()
#51 /home/user/Projects/codecanyon/vendor/laravel/framework/src/Illuminate/Pipeline/Pipeline.php(183): Illuminate\\Foundation\\Http\\Middleware\\PreventRequestsDuringMaintenance->handle()
#52 /home/user/Projects/codecanyon/vendor/laravel/framework/src/Illuminate/Http/Middleware/HandleCors.php(49): Illuminate\\Pipeline\\Pipeline->Illuminate\\Pipeline\\{closure}()
#53 /home/user/Projects/codecanyon/vendor/laravel/framework/src/Illuminate/Pipeline/Pipeline.php(183): Illuminate\\Http\\Middleware\\HandleCors->handle()
#54 /home/user/Projects/codecanyon/vendor/laravel/framework/src/Illuminate/Http/Middleware/TrustProxies.php(39): Illuminate\\Pipeline\\Pipeline->Illuminate\\Pipeline\\{closure}()
#55 /home/user/Projects/codecanyon/vendor/laravel/framework/src/Illuminate/Pipeline/Pipeline.php(183): Illuminate\\Http\\Middleware\\TrustProxies->handle()
#56 /home/user/Projects/codecanyon/vendor/laravel/framework/src/Illuminate/Pipeline/Pipeline.php(119): Illuminate\\Pipeline\\Pipeline->Illuminate\\Pipeline\\{closure}()
#57 /home/user/Projects/codecanyon/vendor/laravel/framework/src/Illuminate/Foundation/Http/Kernel.php(175): Illuminate\\Pipeline\\Pipeline->then()
#58 /home/user/Projects/codecanyon/vendor/laravel/framework/src/Illuminate/Foundation/Http/Kernel.php(144): Illuminate\\Foundation\\Http\\Kernel->sendRequestThroughRouter()
#59 /home/user/Projects/codecanyon/public/index.php(23): Illuminate\\Foundation\\Http\\Kernel->handle()
#60 /home/user/Projects/codecanyon/vendor/laravel/framework/src/Illuminate/Foundation/resources/server.php(16): require_once('...')
#61 {main}
"} 
[2024-10-26 22:19:33] production.INFO: Chat before save {"chat":{"App\\Models\\Chat":{"ec_product_id":"84","message":"1212121","store_id":"6","sender_id":12,"user_id":"11"}}} 
[2024-10-26 22:19:33] production.INFO: Chat after save {"chat":{"App\\Models\\Chat":{"ec_product_id":"84","message":"1212121","store_id":"6","sender_id":12,"user_id":"11","updated_at":"2024-10-26T22:19:33.000000Z","created_at":"2024-10-26T22:19:33.000000Z","id":30}}} 
[2024-10-26 22:19:42] production.INFO: Chat before save {"chat":{"App\\Models\\Chat":{"ec_product_id":"84","message":"апапапа","store_id":"6","sender_id":11,"user_id":11,"file_path":"chat_files/xE3jOVtOp70CmnMqTzihxJc1i7blFm9dRDlmYExe.png"}}} 
[2024-10-26 22:19:42] production.INFO: Chat after save {"chat":{"App\\Models\\Chat":{"ec_product_id":"84","message":"апапапа","store_id":"6","sender_id":11,"user_id":11,"file_path":"chat_files/xE3jOVtOp70CmnMqTzihxJc1i7blFm9dRDlmYExe.png","updated_at":"2024-10-26T22:19:42.000000Z","created_at":"2024-10-26T22:19:42.000000Z","id":31}}} 
[2024-10-26 23:26:40] production.INFO: Chat before save {"chat":{"App\\Models\\Chat":{"ec_product_id":"84","message":"2121212","store_id":"6","sender_id":11,"user_id":11}}} 
[2024-10-26 23:26:40] production.INFO: Chat after save {"chat":{"App\\Models\\Chat":{"ec_product_id":"84","message":"2121212","store_id":"6","sender_id":11,"user_id":11,"updated_at":"2024-10-26T23:26:40.000000Z","created_at":"2024-10-26T23:26:40.000000Z","id":32}}} 
[2024-10-26 23:26:49] production.INFO: Chat before save {"chat":{"App\\Models\\Chat":{"ec_product_id":"84","message":"121212121","store_id":"6","sender_id":11,"user_id":11}}} 
[2024-10-26 23:26:49] production.INFO: Chat after save {"chat":{"App\\Models\\Chat":{"ec_product_id":"84","message":"121212121","store_id":"6","sender_id":11,"user_id":11,"updated_at":"2024-10-26T23:26:49.000000Z","created_at":"2024-10-26T23:26:49.000000Z","id":33}}} 
[2024-10-26 23:30:22] production.INFO: Chat before save {"chat":{"App\\Models\\Chat":{"ec_product_id":"84","message":"1212121","store_id":"6","sender_id":11,"user_id":11}}} 
[2024-10-26 23:30:22] production.INFO: Chat after save {"chat":{"App\\Models\\Chat":{"ec_product_id":"84","message":"1212121","store_id":"6","sender_id":11,"user_id":11,"updated_at":"2024-10-26T23:30:22.000000Z","created_at":"2024-10-26T23:30:22.000000Z","id":34}}} 
[2024-10-26 23:31:55] production.INFO: Chat before save {"chat":{"App\\Models\\Chat":{"ec_product_id":"84","message":"1121212121","store_id":"6","sender_id":11,"user_id":11}}} 
[2024-10-26 23:31:55] production.INFO: Chat after save {"chat":{"App\\Models\\Chat":{"ec_product_id":"84","message":"1121212121","store_id":"6","sender_id":11,"user_id":11,"updated_at":"2024-10-26T23:31:55.000000Z","created_at":"2024-10-26T23:31:55.000000Z","id":35}}} 
[2024-10-26 23:32:02] production.INFO: Chat before save {"chat":{"App\\Models\\Chat":{"ec_product_id":"84","message":"11111","store_id":"6","sender_id":11,"user_id":11}}} 
[2024-10-26 23:32:02] production.INFO: Chat after save {"chat":{"App\\Models\\Chat":{"ec_product_id":"84","message":"11111","store_id":"6","sender_id":11,"user_id":11,"updated_at":"2024-10-26T23:32:02.000000Z","created_at":"2024-10-26T23:32:02.000000Z","id":36}}} 
[2024-10-26 23:32:14] production.INFO: Chat before save {"chat":{"App\\Models\\Chat":{"ec_product_id":"84","message":"привет","store_id":"6","sender_id":11,"user_id":11}}} 
[2024-10-26 23:32:14] production.INFO: Chat after save {"chat":{"App\\Models\\Chat":{"ec_product_id":"84","message":"привет","store_id":"6","sender_id":11,"user_id":11,"updated_at":"2024-10-26T23:32:14.000000Z","created_at":"2024-10-26T23:32:14.000000Z","id":37}}} 
