[2024-10-14 23:25:12] production.ERROR: SQLSTATE[42S02]: Base table or view not found: 1146 Table 'code.ads' doesn't exist (Connection: mysql, SQL: select * from `ads`) (View: /home/user/Projects/codecanyon/platform/themes/martfury/partials/short-codes/sliders.blade.php) {"exception":"[object] (Illuminate\\View\\ViewException(code: 0): SQLSTATE[42S02]: Base table or view not found: 1146 Table 'code.ads' doesn't exist (Connection: mysql, SQL: select * from `ads`) (View: /home/user/Projects/codecanyon/platform/themes/martfury/partials/short-codes/sliders.blade.php) at /home/user/Projects/codecanyon/vendor/laravel/framework/src/Illuminate/Database/Connection.php:829)
[stacktrace]
#0 /home/user/Projects/codecanyon/vendor/laravel/framework/src/Illuminate/View/Engines/PhpEngine.php(60): Illuminate\\View\\Engines\\CompilerEngine->handleViewException()
#1 /home/user/Projects/codecanyon/vendor/laravel/framework/src/Illuminate/View/Engines/CompilerEngine.php(72): Illuminate\\View\\Engines\\PhpEngine->evaluatePath()
#2 /home/user/Projects/codecanyon/vendor/laravel/framework/src/Illuminate/View/View.php(207): Illuminate\\View\\Engines\\CompilerEngine->get()
#3 /home/user/Projects/codecanyon/vendor/botble/shortcode/src/View/View.php(50): Illuminate\\View\\View->getContents()
#4 /home/user/Projects/codecanyon/vendor/laravel/framework/src/Illuminate/View/View.php(159): Botble\\Shortcode\\View\\View->renderContents()
#5 /home/user/Projects/codecanyon/vendor/laravel/framework/src/Illuminate/View/View.php(504): Illuminate\\View\\View->render()
#6 /home/user/Projects/codecanyon/vendor/botble/theme/src/Providers/HookServiceProvider.php(453): Illuminate\\View\\View->__toString()
#7 [internal function]: Botble\\Theme\\Providers\\HookServiceProvider->Botble\\Theme\\Providers\\{closure}()
#8 /home/user/Projects/codecanyon/vendor/botble/platform/base/src/Supports/Filter.php(25): call_user_func_array()
#9 /home/user/Projects/codecanyon/vendor/laravel/framework/src/Illuminate/Support/Facades/Facade.php(355): Botble\\Base\\Supports\\Filter->fire()
#10 /home/user/Projects/codecanyon/platform/core/base/helpers/action-filter.php(39): Illuminate\\Support\\Facades\\Facade::__callStatic()
#11 /home/user/Projects/codecanyon/vendor/botble/shortcode/src/Compilers/ShortcodeCompiler.php(160): apply_filters()
#12 [internal function]: Botble\\Shortcode\\Compilers\\ShortcodeCompiler->render()
#13 /home/user/Projects/codecanyon/vendor/botble/shortcode/src/Compilers/ShortcodeCompiler.php(131): preg_replace_callback()
#14 /home/user/Projects/codecanyon/vendor/botble/shortcode/src/Compilers/ShortcodeCompiler.php(121): Botble\\Shortcode\\Compilers\\ShortcodeCompiler->renderShortcodes()
#15 /home/user/Projects/codecanyon/vendor/botble/shortcode/src/Compilers/ShortcodeCompiler.php(101): Botble\\Shortcode\\Compilers\\ShortcodeCompiler->parseToken()
#16 /home/user/Projects/codecanyon/vendor/botble/shortcode/src/View/View.php(57): Botble\\Shortcode\\Compilers\\ShortcodeCompiler->compile()
#17 /home/user/Projects/codecanyon/vendor/laravel/framework/src/Illuminate/View/View.php(159): Botble\\Shortcode\\View\\View->renderContents()
#18 /home/user/Projects/codecanyon/vendor/botble/theme/src/Theme.php(680): Illuminate\\View\\View->render()
#19 /home/user/Projects/codecanyon/vendor/botble/theme/src/Theme.php(659): Botble\\Theme\\Theme->setUpContent()
#20 /home/user/Projects/codecanyon/vendor/laravel/framework/src/Illuminate/Support/Facades/Facade.php(355): Botble\\Theme\\Theme->scope()
#21 /home/user/Projects/codecanyon/vendor/botble/theme/src/Http/Controllers/PublicController.php(30): Illuminate\\Support\\Facades\\Facade::__callStatic()
#22 /home/user/Projects/codecanyon/vendor/laravel/framework/src/Illuminate/Routing/Controller.php(54): Botble\\Theme\\Http\\Controllers\\PublicController->getIndex()
#23 /home/user/Projects/codecanyon/vendor/laravel/framework/src/Illuminate/Routing/ControllerDispatcher.php(43): Illuminate\\Routing\\Controller->callAction()
#24 /home/user/Projects/codecanyon/vendor/laravel/framework/src/Illuminate/Routing/Route.php(259): Illuminate\\Routing\\ControllerDispatcher->dispatch()
#25 /home/user/Projects/codecanyon/vendor/laravel/framework/src/Illuminate/Routing/Route.php(205): Illuminate\\Routing\\Route->runController()
#26 /home/user/Projects/codecanyon/vendor/laravel/framework/src/Illuminate/Routing/Router.php(806): Illuminate\\Routing\\Route->run()
#27 /home/user/Projects/codecanyon/vendor/laravel/framework/src/Illuminate/Pipeline/Pipeline.php(144): Illuminate\\Routing\\Router->Illuminate\\Routing\\{closure}()
#28 /home/user/Projects/codecanyon/platform/plugins/language/src/Http/Middleware/LocalizationRedirectFilter.php(53): Illuminate\\Pipeline\\Pipeline->Illuminate\\Pipeline\\{closure}()
#29 /home/user/Projects/codecanyon/vendor/laravel/framework/src/Illuminate/Pipeline/Pipeline.php(183): Botble\\Language\\Http\\Middleware\\LocalizationRedirectFilter->handle()
#30 /home/user/Projects/codecanyon/platform/plugins/language/src/Http/Middleware/LocaleSessionRedirect.php(81): Illuminate\\Pipeline\\Pipeline->Illuminate\\Pipeline\\{closure}()
#31 /home/user/Projects/codecanyon/vendor/laravel/framework/src/Illuminate/Pipeline/Pipeline.php(183): Botble\\Language\\Http\\Middleware\\LocaleSessionRedirect->handle()
#32 /home/user/Projects/codecanyon/vendor/botble/platform/base/src/Http/Middleware/CoreMiddleware.php(17): Illuminate\\Pipeline\\Pipeline->Illuminate\\Pipeline\\{closure}()
#33 /home/user/Projects/codecanyon/vendor/laravel/framework/src/Illuminate/Pipeline/Pipeline.php(144): Botble\\Base\\Http\\Middleware\\CoreMiddleware->Botble\\Base\\Http\\Middleware\\{closure}()
#34 /home/user/Projects/codecanyon/vendor/botble/platform/base/src/Http/Middleware/EnsureLicenseHasBeenActivated.php(24): Illuminate\\Pipeline\\Pipeline->Illuminate\\Pipeline\\{closure}()
#35 /home/user/Projects/codecanyon/vendor/laravel/framework/src/Illuminate/Pipeline/Pipeline.php(183): Botble\\Base\\Http\\Middleware\\EnsureLicenseHasBeenActivated->handle()
#36 /home/user/Projects/codecanyon/vendor/laravel/framework/src/Illuminate/Pipeline/Pipeline.php(119): Illuminate\\Pipeline\\Pipeline->Illuminate\\Pipeline\\{closure}()
#37 /home/user/Projects/codecanyon/vendor/botble/platform/base/src/Http/Middleware/CoreMiddleware.php(16): Illuminate\\Pipeline\\Pipeline->then()
#38 /home/user/Projects/codecanyon/vendor/laravel/framework/src/Illuminate/Pipeline/Pipeline.php(183): Botble\\Base\\Http\\Middleware\\CoreMiddleware->handle()
#39 /home/user/Projects/codecanyon/platform/plugins/ecommerce/src/Http/Middleware/CaptureCouponMiddleware.php(21): Illuminate\\Pipeline\\Pipeline->Illuminate\\Pipeline\\{closure}()
#40 /home/user/Projects/codecanyon/vendor/laravel/framework/src/Illuminate/Pipeline/Pipeline.php(183): Botble\\Ecommerce\\Http\\Middleware\\CaptureCouponMiddleware->handle()
#41 /home/user/Projects/codecanyon/platform/plugins/ecommerce/src/Http/Middleware/CaptureFootprintsMiddleware.php(23): Illuminate\\Pipeline\\Pipeline->Illuminate\\Pipeline\\{closure}()
#42 /home/user/Projects/codecanyon/vendor/laravel/framework/src/Illuminate/Pipeline/Pipeline.php(183): Botble\\Ecommerce\\Http\\Middleware\\CaptureFootprintsMiddleware->handle()
#43 /home/user/Projects/codecanyon/vendor/botble/platform/base/src/Http/Middleware/HttpsProtocolMiddleware.php(16): Illuminate\\Pipeline\\Pipeline->Illuminate\\Pipeline\\{closure}()
#44 /home/user/Projects/codecanyon/vendor/laravel/framework/src/Illuminate/Pipeline/Pipeline.php(183): Botble\\Base\\Http\\Middleware\\HttpsProtocolMiddleware->handle()
#45 /home/user/Projects/codecanyon/vendor/botble/platform/base/src/Http/Middleware/AdminLocaleMiddleware.php(17): Illuminate\\Pipeline\\Pipeline->Illuminate\\Pipeline\\{closure}()
#46 /home/user/Projects/codecanyon/vendor/laravel/framework/src/Illuminate/Pipeline/Pipeline.php(183): Botble\\Base\\Http\\Middleware\\AdminLocaleMiddleware->handle()
#47 /home/user/Projects/codecanyon/vendor/botble/platform/base/src/Http/Middleware/LocaleMiddleware.php(29): Illuminate\\Pipeline\\Pipeline->Illuminate\\Pipeline\\{closure}()
#48 /home/user/Projects/codecanyon/vendor/laravel/framework/src/Illuminate/Pipeline/Pipeline.php(183): Botble\\Base\\Http\\Middleware\\LocaleMiddleware->handle()
#49 /home/user/Projects/codecanyon/vendor/botble/installer/src/Http/Middleware/RedirectIfNotInstalledMiddleware.php(17): Illuminate\\Pipeline\\Pipeline->Illuminate\\Pipeline\\{closure}()
#50 /home/user/Projects/codecanyon/vendor/laravel/framework/src/Illuminate/Pipeline/Pipeline.php(183): Botble\\Installer\\Http\\Middleware\\RedirectIfNotInstalledMiddleware->handle()
#51 /home/user/Projects/codecanyon/vendor/laravel/framework/src/Illuminate/Routing/Middleware/SubstituteBindings.php(50): Illuminate\\Pipeline\\Pipeline->Illuminate\\Pipeline\\{closure}()
#52 /home/user/Projects/codecanyon/vendor/laravel/framework/src/Illuminate/Pipeline/Pipeline.php(183): Illuminate\\Routing\\Middleware\\SubstituteBindings->handle()
#53 /home/user/Projects/codecanyon/vendor/laravel/framework/src/Illuminate/Foundation/Http/Middleware/VerifyCsrfToken.php(78): Illuminate\\Pipeline\\Pipeline->Illuminate\\Pipeline\\{closure}()
#54 /home/user/Projects/codecanyon/vendor/laravel/framework/src/Illuminate/Pipeline/Pipeline.php(183): Illuminate\\Foundation\\Http\\Middleware\\VerifyCsrfToken->handle()
#55 /home/user/Projects/codecanyon/vendor/laravel/framework/src/Illuminate/View/Middleware/ShareErrorsFromSession.php(49): Illuminate\\Pipeline\\Pipeline->Illuminate\\Pipeline\\{closure}()
#56 /home/user/Projects/codecanyon/vendor/laravel/framework/src/Illuminate/Pipeline/Pipeline.php(183): Illuminate\\View\\Middleware\\ShareErrorsFromSession->handle()
#57 /home/user/Projects/codecanyon/vendor/laravel/framework/src/Illuminate/Session/Middleware/StartSession.php(121): Illuminate\\Pipeline\\Pipeline->Illuminate\\Pipeline\\{closure}()
#58 /home/user/Projects/codecanyon/vendor/laravel/framework/src/Illuminate/Session/Middleware/StartSession.php(64): Illuminate\\Session\\Middleware\\StartSession->handleStatefulRequest()
#59 /home/user/Projects/codecanyon/vendor/laravel/framework/src/Illuminate/Pipeline/Pipeline.php(183): Illuminate\\Session\\Middleware\\StartSession->handle()
#60 /home/user/Projects/codecanyon/vendor/laravel/framework/src/Illuminate/Cookie/Middleware/AddQueuedCookiesToResponse.php(37): Illuminate\\Pipeline\\Pipeline->Illuminate\\Pipeline\\{closure}()
#61 /home/user/Projects/codecanyon/vendor/laravel/framework/src/Illuminate/Pipeline/Pipeline.php(183): Illuminate\\Cookie\\Middleware\\AddQueuedCookiesToResponse->handle()
#62 /home/user/Projects/codecanyon/vendor/laravel/framework/src/Illuminate/Cookie/Middleware/EncryptCookies.php(67): Illuminate\\Pipeline\\Pipeline->Illuminate\\Pipeline\\{closure}()
#63 /home/user/Projects/codecanyon/vendor/laravel/framework/src/Illuminate/Pipeline/Pipeline.php(183): Illuminate\\Cookie\\Middleware\\EncryptCookies->handle()
#64 /home/user/Projects/codecanyon/vendor/laravel/framework/src/Illuminate/Pipeline/Pipeline.php(119): Illuminate\\Pipeline\\Pipeline->Illuminate\\Pipeline\\{closure}()
#65 /home/user/Projects/codecanyon/vendor/laravel/framework/src/Illuminate/Routing/Router.php(805): Illuminate\\Pipeline\\Pipeline->then()
#66 /home/user/Projects/codecanyon/vendor/laravel/framework/src/Illuminate/Routing/Router.php(784): Illuminate\\Routing\\Router->runRouteWithinStack()
#67 /home/user/Projects/codecanyon/vendor/laravel/framework/src/Illuminate/Routing/Router.php(748): Illuminate\\Routing\\Router->runRoute()
#68 /home/user/Projects/codecanyon/vendor/laravel/framework/src/Illuminate/Routing/Router.php(737): Illuminate\\Routing\\Router->dispatchToRoute()
#69 /home/user/Projects/codecanyon/vendor/laravel/framework/src/Illuminate/Foundation/Http/Kernel.php(200): Illuminate\\Routing\\Router->dispatch()
#70 /home/user/Projects/codecanyon/vendor/laravel/framework/src/Illuminate/Pipeline/Pipeline.php(144): Illuminate\\Foundation\\Http\\Kernel->Illuminate\\Foundation\\Http\\{closure}()
#71 /home/user/Projects/codecanyon/vendor/botble/platform/js-validation/src/RemoteValidationMiddleware.php(43): Illuminate\\Pipeline\\Pipeline->Illuminate\\Pipeline\\{closure}()
#72 /home/user/Projects/codecanyon/vendor/laravel/framework/src/Illuminate/Pipeline/Pipeline.php(183): Botble\\JsValidation\\RemoteValidationMiddleware->handle()
#73 /home/user/Projects/codecanyon/vendor/laravel/framework/src/Illuminate/Foundation/Http/Middleware/TransformsRequest.php(21): Illuminate\\Pipeline\\Pipeline->Illuminate\\Pipeline\\{closure}()
#74 /home/user/Projects/codecanyon/vendor/laravel/framework/src/Illuminate/Foundation/Http/Middleware/ConvertEmptyStringsToNull.php(31): Illuminate\\Foundation\\Http\\Middleware\\TransformsRequest->handle()
#75 /home/user/Projects/codecanyon/vendor/laravel/framework/src/Illuminate/Pipeline/Pipeline.php(183): Illuminate\\Foundation\\Http\\Middleware\\ConvertEmptyStringsToNull->handle()
#76 /home/user/Projects/codecanyon/vendor/laravel/framework/src/Illuminate/Foundation/Http/Middleware/TransformsRequest.php(21): Illuminate\\Pipeline\\Pipeline->Illuminate\\Pipeline\\{closure}()
#77 /home/user/Projects/codecanyon/vendor/laravel/framework/src/Illuminate/Foundation/Http/Middleware/TrimStrings.php(40): Illuminate\\Foundation\\Http\\Middleware\\TransformsRequest->handle()
#78 /home/user/Projects/codecanyon/vendor/laravel/framework/src/Illuminate/Pipeline/Pipeline.php(183): Illuminate\\Foundation\\Http\\Middleware\\TrimStrings->handle()
#79 /home/user/Projects/codecanyon/vendor/laravel/framework/src/Illuminate/Foundation/Http/Middleware/ValidatePostSize.php(27): Illuminate\\Pipeline\\Pipeline->Illuminate\\Pipeline\\{closure}()
#80 /home/user/Projects/codecanyon/vendor/laravel/framework/src/Illuminate/Pipeline/Pipeline.php(183): Illuminate\\Foundation\\Http\\Middleware\\ValidatePostSize->handle()
#81 /home/user/Projects/codecanyon/vendor/laravel/framework/src/Illuminate/Foundation/Http/Middleware/PreventRequestsDuringMaintenance.php(99): Illuminate\\Pipeline\\Pipeline->Illuminate\\Pipeline\\{closure}()
#82 /home/user/Projects/codecanyon/vendor/laravel/framework/src/Illuminate/Pipeline/Pipeline.php(183): Illuminate\\Foundation\\Http\\Middleware\\PreventRequestsDuringMaintenance->handle()
#83 /home/user/Projects/codecanyon/vendor/laravel/framework/src/Illuminate/Http/Middleware/HandleCors.php(49): Illuminate\\Pipeline\\Pipeline->Illuminate\\Pipeline\\{closure}()
#84 /home/user/Projects/codecanyon/vendor/laravel/framework/src/Illuminate/Pipeline/Pipeline.php(183): Illuminate\\Http\\Middleware\\HandleCors->handle()
#85 /home/user/Projects/codecanyon/vendor/laravel/framework/src/Illuminate/Http/Middleware/TrustProxies.php(39): Illuminate\\Pipeline\\Pipeline->Illuminate\\Pipeline\\{closure}()
#86 /home/user/Projects/codecanyon/vendor/laravel/framework/src/Illuminate/Pipeline/Pipeline.php(183): Illuminate\\Http\\Middleware\\TrustProxies->handle()
#87 /home/user/Projects/codecanyon/vendor/laravel/framework/src/Illuminate/Pipeline/Pipeline.php(119): Illuminate\\Pipeline\\Pipeline->Illuminate\\Pipeline\\{closure}()
#88 /home/user/Projects/codecanyon/vendor/laravel/framework/src/Illuminate/Foundation/Http/Kernel.php(175): Illuminate\\Pipeline\\Pipeline->then()
#89 /home/user/Projects/codecanyon/vendor/laravel/framework/src/Illuminate/Foundation/Http/Kernel.php(144): Illuminate\\Foundation\\Http\\Kernel->sendRequestThroughRouter()
#90 /home/user/Projects/codecanyon/public/index.php(23): Illuminate\\Foundation\\Http\\Kernel->handle()
#91 /home/user/Projects/codecanyon/vendor/laravel/framework/src/Illuminate/Foundation/resources/server.php(16): require_once('...')
#92 {main}

[previous exception] [object] (Illuminate\\Database\\QueryException(code: 42S02): SQLSTATE[42S02]: Base table or view not found: 1146 Table 'code.ads' doesn't exist (Connection: mysql, SQL: select * from `ads`) at /home/user/Projects/codecanyon/vendor/laravel/framework/src/Illuminate/Database/Connection.php:829)
[stacktrace]
#0 /home/user/Projects/codecanyon/vendor/laravel/framework/src/Illuminate/Database/Connection.php(783): Illuminate\\Database\\Connection->runQueryCallback()
#1 /home/user/Projects/codecanyon/vendor/laravel/framework/src/Illuminate/Database/Connection.php(414): Illuminate\\Database\\Connection->run()
#2 /home/user/Projects/codecanyon/vendor/laravel/framework/src/Illuminate/Database/Query/Builder.php(2871): Illuminate\\Database\\Connection->select()
#3 /home/user/Projects/codecanyon/vendor/laravel/framework/src/Illuminate/Database/Query/Builder.php(2860): Illuminate\\Database\\Query\\Builder->runSelect()
#4 /home/user/Projects/codecanyon/vendor/laravel/framework/src/Illuminate/Database/Query/Builder.php(3414): Illuminate\\Database\\Query\\Builder->Illuminate\\Database\\Query\\{closure}()
#5 /home/user/Projects/codecanyon/vendor/laravel/framework/src/Illuminate/Database/Query/Builder.php(2859): Illuminate\\Database\\Query\\Builder->onceWithColumns()
#6 /home/user/Projects/codecanyon/vendor/laravel/framework/src/Illuminate/Database/Eloquent/Builder.php(739): Illuminate\\Database\\Query\\Builder->get()
#7 /home/user/Projects/codecanyon/vendor/laravel/framework/src/Illuminate/Database/Eloquent/Builder.php(723): Illuminate\\Database\\Eloquent\\Builder->getModels()
#8 /home/user/Projects/codecanyon/vendor/botble/platform/base/src/Models/BaseQueryBuilder.php(48): Illuminate\\Database\\Eloquent\\Builder->get()
#9 /home/user/Projects/codecanyon/platform/plugins/ads/src/Supports/AdsManager.php(55): Botble\\Base\\Models\\BaseQueryBuilder->get()
#10 /home/user/Projects/codecanyon/platform/plugins/ads/src/Supports/AdsManager.php(46): Botble\\Ads\\Supports\\AdsManager->read()
#11 /home/user/Projects/codecanyon/platform/plugins/ads/src/Supports/AdsManager.php(60): Botble\\Ads\\Supports\\AdsManager->load()
#12 /home/user/Projects/codecanyon/vendor/laravel/framework/src/Illuminate/Support/Facades/Facade.php(355): Botble\\Ads\\Supports\\AdsManager->locationHasAds()
#13 /home/user/Projects/codecanyon/storage/framework/views/34c9686238dbc3deee72b6fd24afcc27.php(5): Illuminate\\Support\\Facades\\Facade::__callStatic()
#14 /home/user/Projects/codecanyon/vendor/laravel/framework/src/Illuminate/Filesystem/Filesystem.php(123): require('...')
#15 /home/user/Projects/codecanyon/vendor/laravel/framework/src/Illuminate/Filesystem/Filesystem.php(124): Illuminate\\Filesystem\\Filesystem::Illuminate\\Filesystem\\{closure}()
#16 /home/user/Projects/codecanyon/vendor/laravel/framework/src/Illuminate/View/Engines/PhpEngine.php(58): Illuminate\\Filesystem\\Filesystem->getRequire()
#17 /home/user/Projects/codecanyon/vendor/laravel/framework/src/Illuminate/View/Engines/CompilerEngine.php(72): Illuminate\\View\\Engines\\PhpEngine->evaluatePath()
#18 /home/user/Projects/codecanyon/vendor/laravel/framework/src/Illuminate/View/View.php(207): Illuminate\\View\\Engines\\CompilerEngine->get()
#19 /home/user/Projects/codecanyon/vendor/botble/shortcode/src/View/View.php(50): Illuminate\\View\\View->getContents()
#20 /home/user/Projects/codecanyon/vendor/laravel/framework/src/Illuminate/View/View.php(159): Botble\\Shortcode\\View\\View->renderContents()
#21 /home/user/Projects/codecanyon/vendor/laravel/framework/src/Illuminate/View/View.php(504): Illuminate\\View\\View->render()
#22 /home/user/Projects/codecanyon/vendor/botble/theme/src/Providers/HookServiceProvider.php(453): Illuminate\\View\\View->__toString()
#23 [internal function]: Botble\\Theme\\Providers\\HookServiceProvider->Botble\\Theme\\Providers\\{closure}()
#24 /home/user/Projects/codecanyon/vendor/botble/platform/base/src/Supports/Filter.php(25): call_user_func_array()
#25 /home/user/Projects/codecanyon/vendor/laravel/framework/src/Illuminate/Support/Facades/Facade.php(355): Botble\\Base\\Supports\\Filter->fire()
#26 /home/user/Projects/codecanyon/platform/core/base/helpers/action-filter.php(39): Illuminate\\Support\\Facades\\Facade::__callStatic()
#27 /home/user/Projects/codecanyon/vendor/botble/shortcode/src/Compilers/ShortcodeCompiler.php(160): apply_filters()
#28 [internal function]: Botble\\Shortcode\\Compilers\\ShortcodeCompiler->render()
#29 /home/user/Projects/codecanyon/vendor/botble/shortcode/src/Compilers/ShortcodeCompiler.php(131): preg_replace_callback()
#30 /home/user/Projects/codecanyon/vendor/botble/shortcode/src/Compilers/ShortcodeCompiler.php(121): Botble\\Shortcode\\Compilers\\ShortcodeCompiler->renderShortcodes()
#31 /home/user/Projects/codecanyon/vendor/botble/shortcode/src/Compilers/ShortcodeCompiler.php(101): Botble\\Shortcode\\Compilers\\ShortcodeCompiler->parseToken()
#32 /home/user/Projects/codecanyon/vendor/botble/shortcode/src/View/View.php(57): Botble\\Shortcode\\Compilers\\ShortcodeCompiler->compile()
#33 /home/user/Projects/codecanyon/vendor/laravel/framework/src/Illuminate/View/View.php(159): Botble\\Shortcode\\View\\View->renderContents()
#34 /home/user/Projects/codecanyon/vendor/botble/theme/src/Theme.php(680): Illuminate\\View\\View->render()
#35 /home/user/Projects/codecanyon/vendor/botble/theme/src/Theme.php(659): Botble\\Theme\\Theme->setUpContent()
#36 /home/user/Projects/codecanyon/vendor/laravel/framework/src/Illuminate/Support/Facades/Facade.php(355): Botble\\Theme\\Theme->scope()
#37 /home/user/Projects/codecanyon/vendor/botble/theme/src/Http/Controllers/PublicController.php(30): Illuminate\\Support\\Facades\\Facade::__callStatic()
#38 /home/user/Projects/codecanyon/vendor/laravel/framework/src/Illuminate/Routing/Controller.php(54): Botble\\Theme\\Http\\Controllers\\PublicController->getIndex()
#39 /home/user/Projects/codecanyon/vendor/laravel/framework/src/Illuminate/Routing/ControllerDispatcher.php(43): Illuminate\\Routing\\Controller->callAction()
#40 /home/user/Projects/codecanyon/vendor/laravel/framework/src/Illuminate/Routing/Route.php(259): Illuminate\\Routing\\ControllerDispatcher->dispatch()
#41 /home/user/Projects/codecanyon/vendor/laravel/framework/src/Illuminate/Routing/Route.php(205): Illuminate\\Routing\\Route->runController()
#42 /home/user/Projects/codecanyon/vendor/laravel/framework/src/Illuminate/Routing/Router.php(806): Illuminate\\Routing\\Route->run()
#43 /home/user/Projects/codecanyon/vendor/laravel/framework/src/Illuminate/Pipeline/Pipeline.php(144): Illuminate\\Routing\\Router->Illuminate\\Routing\\{closure}()
#44 /home/user/Projects/codecanyon/platform/plugins/language/src/Http/Middleware/LocalizationRedirectFilter.php(53): Illuminate\\Pipeline\\Pipeline->Illuminate\\Pipeline\\{closure}()
#45 /home/user/Projects/codecanyon/vendor/laravel/framework/src/Illuminate/Pipeline/Pipeline.php(183): Botble\\Language\\Http\\Middleware\\LocalizationRedirectFilter->handle()
#46 /home/user/Projects/codecanyon/platform/plugins/language/src/Http/Middleware/LocaleSessionRedirect.php(81): Illuminate\\Pipeline\\Pipeline->Illuminate\\Pipeline\\{closure}()
#47 /home/user/Projects/codecanyon/vendor/laravel/framework/src/Illuminate/Pipeline/Pipeline.php(183): Botble\\Language\\Http\\Middleware\\LocaleSessionRedirect->handle()
#48 /home/user/Projects/codecanyon/vendor/botble/platform/base/src/Http/Middleware/CoreMiddleware.php(17): Illuminate\\Pipeline\\Pipeline->Illuminate\\Pipeline\\{closure}()
#49 /home/user/Projects/codecanyon/vendor/laravel/framework/src/Illuminate/Pipeline/Pipeline.php(144): Botble\\Base\\Http\\Middleware\\CoreMiddleware->Botble\\Base\\Http\\Middleware\\{closure}()
#50 /home/user/Projects/codecanyon/vendor/botble/platform/base/src/Http/Middleware/EnsureLicenseHasBeenActivated.php(24): Illuminate\\Pipeline\\Pipeline->Illuminate\\Pipeline\\{closure}()
#51 /home/user/Projects/codecanyon/vendor/laravel/framework/src/Illuminate/Pipeline/Pipeline.php(183): Botble\\Base\\Http\\Middleware\\EnsureLicenseHasBeenActivated->handle()
#52 /home/user/Projects/codecanyon/vendor/laravel/framework/src/Illuminate/Pipeline/Pipeline.php(119): Illuminate\\Pipeline\\Pipeline->Illuminate\\Pipeline\\{closure}()
#53 /home/user/Projects/codecanyon/vendor/botble/platform/base/src/Http/Middleware/CoreMiddleware.php(16): Illuminate\\Pipeline\\Pipeline->then()
#54 /home/user/Projects/codecanyon/vendor/laravel/framework/src/Illuminate/Pipeline/Pipeline.php(183): Botble\\Base\\Http\\Middleware\\CoreMiddleware->handle()
#55 /home/user/Projects/codecanyon/platform/plugins/ecommerce/src/Http/Middleware/CaptureCouponMiddleware.php(21): Illuminate\\Pipeline\\Pipeline->Illuminate\\Pipeline\\{closure}()
#56 /home/user/Projects/codecanyon/vendor/laravel/framework/src/Illuminate/Pipeline/Pipeline.php(183): Botble\\Ecommerce\\Http\\Middleware\\CaptureCouponMiddleware->handle()
#57 /home/user/Projects/codecanyon/platform/plugins/ecommerce/src/Http/Middleware/CaptureFootprintsMiddleware.php(23): Illuminate\\Pipeline\\Pipeline->Illuminate\\Pipeline\\{closure}()
#58 /home/user/Projects/codecanyon/vendor/laravel/framework/src/Illuminate/Pipeline/Pipeline.php(183): Botble\\Ecommerce\\Http\\Middleware\\CaptureFootprintsMiddleware->handle()
#59 /home/user/Projects/codecanyon/vendor/botble/platform/base/src/Http/Middleware/HttpsProtocolMiddleware.php(16): Illuminate\\Pipeline\\Pipeline->Illuminate\\Pipeline\\{closure}()
#60 /home/user/Projects/codecanyon/vendor/laravel/framework/src/Illuminate/Pipeline/Pipeline.php(183): Botble\\Base\\Http\\Middleware\\HttpsProtocolMiddleware->handle()
#61 /home/user/Projects/codecanyon/vendor/botble/platform/base/src/Http/Middleware/AdminLocaleMiddleware.php(17): Illuminate\\Pipeline\\Pipeline->Illuminate\\Pipeline\\{closure}()
#62 /home/user/Projects/codecanyon/vendor/laravel/framework/src/Illuminate/Pipeline/Pipeline.php(183): Botble\\Base\\Http\\Middleware\\AdminLocaleMiddleware->handle()
#63 /home/user/Projects/codecanyon/vendor/botble/platform/base/src/Http/Middleware/LocaleMiddleware.php(29): Illuminate\\Pipeline\\Pipeline->Illuminate\\Pipeline\\{closure}()
#64 /home/user/Projects/codecanyon/vendor/laravel/framework/src/Illuminate/Pipeline/Pipeline.php(183): Botble\\Base\\Http\\Middleware\\LocaleMiddleware->handle()
#65 /home/user/Projects/codecanyon/vendor/botble/installer/src/Http/Middleware/RedirectIfNotInstalledMiddleware.php(17): Illuminate\\Pipeline\\Pipeline->Illuminate\\Pipeline\\{closure}()
#66 /home/user/Projects/codecanyon/vendor/laravel/framework/src/Illuminate/Pipeline/Pipeline.php(183): Botble\\Installer\\Http\\Middleware\\RedirectIfNotInstalledMiddleware->handle()
#67 /home/user/Projects/codecanyon/vendor/laravel/framework/src/Illuminate/Routing/Middleware/SubstituteBindings.php(50): Illuminate\\Pipeline\\Pipeline->Illuminate\\Pipeline\\{closure}()
#68 /home/user/Projects/codecanyon/vendor/laravel/framework/src/Illuminate/Pipeline/Pipeline.php(183): Illuminate\\Routing\\Middleware\\SubstituteBindings->handle()
#69 /home/user/Projects/codecanyon/vendor/laravel/framework/src/Illuminate/Foundation/Http/Middleware/VerifyCsrfToken.php(78): Illuminate\\Pipeline\\Pipeline->Illuminate\\Pipeline\\{closure}()
#70 /home/user/Projects/codecanyon/vendor/laravel/framework/src/Illuminate/Pipeline/Pipeline.php(183): Illuminate\\Foundation\\Http\\Middleware\\VerifyCsrfToken->handle()
#71 /home/user/Projects/codecanyon/vendor/laravel/framework/src/Illuminate/View/Middleware/ShareErrorsFromSession.php(49): Illuminate\\Pipeline\\Pipeline->Illuminate\\Pipeline\\{closure}()
#72 /home/user/Projects/codecanyon/vendor/laravel/framework/src/Illuminate/Pipeline/Pipeline.php(183): Illuminate\\View\\Middleware\\ShareErrorsFromSession->handle()
#73 /home/user/Projects/codecanyon/vendor/laravel/framework/src/Illuminate/Session/Middleware/StartSession.php(121): Illuminate\\Pipeline\\Pipeline->Illuminate\\Pipeline\\{closure}()
#74 /home/user/Projects/codecanyon/vendor/laravel/framework/src/Illuminate/Session/Middleware/StartSession.php(64): Illuminate\\Session\\Middleware\\StartSession->handleStatefulRequest()
#75 /home/user/Projects/codecanyon/vendor/laravel/framework/src/Illuminate/Pipeline/Pipeline.php(183): Illuminate\\Session\\Middleware\\StartSession->handle()
#76 /home/user/Projects/codecanyon/vendor/laravel/framework/src/Illuminate/Cookie/Middleware/AddQueuedCookiesToResponse.php(37): Illuminate\\Pipeline\\Pipeline->Illuminate\\Pipeline\\{closure}()
#77 /home/user/Projects/codecanyon/vendor/laravel/framework/src/Illuminate/Pipeline/Pipeline.php(183): Illuminate\\Cookie\\Middleware\\AddQueuedCookiesToResponse->handle()
#78 /home/user/Projects/codecanyon/vendor/laravel/framework/src/Illuminate/Cookie/Middleware/EncryptCookies.php(67): Illuminate\\Pipeline\\Pipeline->Illuminate\\Pipeline\\{closure}()
#79 /home/user/Projects/codecanyon/vendor/laravel/framework/src/Illuminate/Pipeline/Pipeline.php(183): Illuminate\\Cookie\\Middleware\\EncryptCookies->handle()
#80 /home/user/Projects/codecanyon/vendor/laravel/framework/src/Illuminate/Pipeline/Pipeline.php(119): Illuminate\\Pipeline\\Pipeline->Illuminate\\Pipeline\\{closure}()
#81 /home/user/Projects/codecanyon/vendor/laravel/framework/src/Illuminate/Routing/Router.php(805): Illuminate\\Pipeline\\Pipeline->then()
#82 /home/user/Projects/codecanyon/vendor/laravel/framework/src/Illuminate/Routing/Router.php(784): Illuminate\\Routing\\Router->runRouteWithinStack()
#83 /home/user/Projects/codecanyon/vendor/laravel/framework/src/Illuminate/Routing/Router.php(748): Illuminate\\Routing\\Router->runRoute()
#84 /home/user/Projects/codecanyon/vendor/laravel/framework/src/Illuminate/Routing/Router.php(737): Illuminate\\Routing\\Router->dispatchToRoute()
#85 /home/user/Projects/codecanyon/vendor/laravel/framework/src/Illuminate/Foundation/Http/Kernel.php(200): Illuminate\\Routing\\Router->dispatch()
#86 /home/user/Projects/codecanyon/vendor/laravel/framework/src/Illuminate/Pipeline/Pipeline.php(144): Illuminate\\Foundation\\Http\\Kernel->Illuminate\\Foundation\\Http\\{closure}()
#87 /home/user/Projects/codecanyon/vendor/botble/platform/js-validation/src/RemoteValidationMiddleware.php(43): Illuminate\\Pipeline\\Pipeline->Illuminate\\Pipeline\\{closure}()
#88 /home/user/Projects/codecanyon/vendor/laravel/framework/src/Illuminate/Pipeline/Pipeline.php(183): Botble\\JsValidation\\RemoteValidationMiddleware->handle()
#89 /home/user/Projects/codecanyon/vendor/laravel/framework/src/Illuminate/Foundation/Http/Middleware/TransformsRequest.php(21): Illuminate\\Pipeline\\Pipeline->Illuminate\\Pipeline\\{closure}()
#90 /home/user/Projects/codecanyon/vendor/laravel/framework/src/Illuminate/Foundation/Http/Middleware/ConvertEmptyStringsToNull.php(31): Illuminate\\Foundation\\Http\\Middleware\\TransformsRequest->handle()
#91 /home/user/Projects/codecanyon/vendor/laravel/framework/src/Illuminate/Pipeline/Pipeline.php(183): Illuminate\\Foundation\\Http\\Middleware\\ConvertEmptyStringsToNull->handle()
#92 /home/user/Projects/codecanyon/vendor/laravel/framework/src/Illuminate/Foundation/Http/Middleware/TransformsRequest.php(21): Illuminate\\Pipeline\\Pipeline->Illuminate\\Pipeline\\{closure}()
#93 /home/user/Projects/codecanyon/vendor/laravel/framework/src/Illuminate/Foundation/Http/Middleware/TrimStrings.php(40): Illuminate\\Foundation\\Http\\Middleware\\TransformsRequest->handle()
#94 /home/user/Projects/codecanyon/vendor/laravel/framework/src/Illuminate/Pipeline/Pipeline.php(183): Illuminate\\Foundation\\Http\\Middleware\\TrimStrings->handle()
#95 /home/user/Projects/codecanyon/vendor/laravel/framework/src/Illuminate/Foundation/Http/Middleware/ValidatePostSize.php(27): Illuminate\\Pipeline\\Pipeline->Illuminate\\Pipeline\\{closure}()
#96 /home/user/Projects/codecanyon/vendor/laravel/framework/src/Illuminate/Pipeline/Pipeline.php(183): Illuminate\\Foundation\\Http\\Middleware\\ValidatePostSize->handle()
#97 /home/user/Projects/codecanyon/vendor/laravel/framework/src/Illuminate/Foundation/Http/Middleware/PreventRequestsDuringMaintenance.php(99): Illuminate\\Pipeline\\Pipeline->Illuminate\\Pipeline\\{closure}()
#98 /home/user/Projects/codecanyon/vendor/laravel/framework/src/Illuminate/Pipeline/Pipeline.php(183): Illuminate\\Foundation\\Http\\Middleware\\PreventRequestsDuringMaintenance->handle()
#99 /home/user/Projects/codecanyon/vendor/laravel/framework/src/Illuminate/Http/Middleware/HandleCors.php(49): Illuminate\\Pipeline\\Pipeline->Illuminate\\Pipeline\\{closure}()
#100 /home/user/Projects/codecanyon/vendor/laravel/framework/src/Illuminate/Pipeline/Pipeline.php(183): Illuminate\\Http\\Middleware\\HandleCors->handle()
#101 /home/user/Projects/codecanyon/vendor/laravel/framework/src/Illuminate/Http/Middleware/TrustProxies.php(39): Illuminate\\Pipeline\\Pipeline->Illuminate\\Pipeline\\{closure}()
#102 /home/user/Projects/codecanyon/vendor/laravel/framework/src/Illuminate/Pipeline/Pipeline.php(183): Illuminate\\Http\\Middleware\\TrustProxies->handle()
#103 /home/user/Projects/codecanyon/vendor/laravel/framework/src/Illuminate/Pipeline/Pipeline.php(119): Illuminate\\Pipeline\\Pipeline->Illuminate\\Pipeline\\{closure}()
#104 /home/user/Projects/codecanyon/vendor/laravel/framework/src/Illuminate/Foundation/Http/Kernel.php(175): Illuminate\\Pipeline\\Pipeline->then()
#105 /home/user/Projects/codecanyon/vendor/laravel/framework/src/Illuminate/Foundation/Http/Kernel.php(144): Illuminate\\Foundation\\Http\\Kernel->sendRequestThroughRouter()
#106 /home/user/Projects/codecanyon/public/index.php(23): Illuminate\\Foundation\\Http\\Kernel->handle()
#107 /home/user/Projects/codecanyon/vendor/laravel/framework/src/Illuminate/Foundation/resources/server.php(16): require_once('...')
#108 {main}

[previous exception] [object] (PDOException(code: 42S02): SQLSTATE[42S02]: Base table or view not found: 1146 Table 'code.ads' doesn't exist at /home/user/Projects/codecanyon/vendor/laravel/framework/src/Illuminate/Database/Connection.php:423)
[stacktrace]
#0 /home/user/Projects/codecanyon/vendor/laravel/framework/src/Illuminate/Database/Connection.php(423): PDO->prepare()
#1 /home/user/Projects/codecanyon/vendor/laravel/framework/src/Illuminate/Database/Connection.php(816): Illuminate\\Database\\Connection->Illuminate\\Database\\{closure}()
#2 /home/user/Projects/codecanyon/vendor/laravel/framework/src/Illuminate/Database/Connection.php(783): Illuminate\\Database\\Connection->runQueryCallback()
#3 /home/user/Projects/codecanyon/vendor/laravel/framework/src/Illuminate/Database/Connection.php(414): Illuminate\\Database\\Connection->run()
#4 /home/user/Projects/codecanyon/vendor/laravel/framework/src/Illuminate/Database/Query/Builder.php(2871): Illuminate\\Database\\Connection->select()
#5 /home/user/Projects/codecanyon/vendor/laravel/framework/src/Illuminate/Database/Query/Builder.php(2860): Illuminate\\Database\\Query\\Builder->runSelect()
#6 /home/user/Projects/codecanyon/vendor/laravel/framework/src/Illuminate/Database/Query/Builder.php(3414): Illuminate\\Database\\Query\\Builder->Illuminate\\Database\\Query\\{closure}()
#7 /home/user/Projects/codecanyon/vendor/laravel/framework/src/Illuminate/Database/Query/Builder.php(2859): Illuminate\\Database\\Query\\Builder->onceWithColumns()
#8 /home/user/Projects/codecanyon/vendor/laravel/framework/src/Illuminate/Database/Eloquent/Builder.php(739): Illuminate\\Database\\Query\\Builder->get()
#9 /home/user/Projects/codecanyon/vendor/laravel/framework/src/Illuminate/Database/Eloquent/Builder.php(723): Illuminate\\Database\\Eloquent\\Builder->getModels()
#10 /home/user/Projects/codecanyon/vendor/botble/platform/base/src/Models/BaseQueryBuilder.php(48): Illuminate\\Database\\Eloquent\\Builder->get()
#11 /home/user/Projects/codecanyon/platform/plugins/ads/src/Supports/AdsManager.php(55): Botble\\Base\\Models\\BaseQueryBuilder->get()
#12 /home/user/Projects/codecanyon/platform/plugins/ads/src/Supports/AdsManager.php(46): Botble\\Ads\\Supports\\AdsManager->read()
#13 /home/user/Projects/codecanyon/platform/plugins/ads/src/Supports/AdsManager.php(60): Botble\\Ads\\Supports\\AdsManager->load()
#14 /home/user/Projects/codecanyon/vendor/laravel/framework/src/Illuminate/Support/Facades/Facade.php(355): Botble\\Ads\\Supports\\AdsManager->locationHasAds()
#15 /home/user/Projects/codecanyon/storage/framework/views/34c9686238dbc3deee72b6fd24afcc27.php(5): Illuminate\\Support\\Facades\\Facade::__callStatic()
#16 /home/user/Projects/codecanyon/vendor/laravel/framework/src/Illuminate/Filesystem/Filesystem.php(123): require('...')
#17 /home/user/Projects/codecanyon/vendor/laravel/framework/src/Illuminate/Filesystem/Filesystem.php(124): Illuminate\\Filesystem\\Filesystem::Illuminate\\Filesystem\\{closure}()
#18 /home/user/Projects/codecanyon/vendor/laravel/framework/src/Illuminate/View/Engines/PhpEngine.php(58): Illuminate\\Filesystem\\Filesystem->getRequire()
#19 /home/user/Projects/codecanyon/vendor/laravel/framework/src/Illuminate/View/Engines/CompilerEngine.php(72): Illuminate\\View\\Engines\\PhpEngine->evaluatePath()
#20 /home/user/Projects/codecanyon/vendor/laravel/framework/src/Illuminate/View/View.php(207): Illuminate\\View\\Engines\\CompilerEngine->get()
#21 /home/user/Projects/codecanyon/vendor/botble/shortcode/src/View/View.php(50): Illuminate\\View\\View->getContents()
#22 /home/user/Projects/codecanyon/vendor/laravel/framework/src/Illuminate/View/View.php(159): Botble\\Shortcode\\View\\View->renderContents()
#23 /home/user/Projects/codecanyon/vendor/laravel/framework/src/Illuminate/View/View.php(504): Illuminate\\View\\View->render()
#24 /home/user/Projects/codecanyon/vendor/botble/theme/src/Providers/HookServiceProvider.php(453): Illuminate\\View\\View->__toString()
#25 [internal function]: Botble\\Theme\\Providers\\HookServiceProvider->Botble\\Theme\\Providers\\{closure}()
#26 /home/user/Projects/codecanyon/vendor/botble/platform/base/src/Supports/Filter.php(25): call_user_func_array()
#27 /home/user/Projects/codecanyon/vendor/laravel/framework/src/Illuminate/Support/Facades/Facade.php(355): Botble\\Base\\Supports\\Filter->fire()
#28 /home/user/Projects/codecanyon/platform/core/base/helpers/action-filter.php(39): Illuminate\\Support\\Facades\\Facade::__callStatic()
#29 /home/user/Projects/codecanyon/vendor/botble/shortcode/src/Compilers/ShortcodeCompiler.php(160): apply_filters()
#30 [internal function]: Botble\\Shortcode\\Compilers\\ShortcodeCompiler->render()
#31 /home/user/Projects/codecanyon/vendor/botble/shortcode/src/Compilers/ShortcodeCompiler.php(131): preg_replace_callback()
#32 /home/user/Projects/codecanyon/vendor/botble/shortcode/src/Compilers/ShortcodeCompiler.php(121): Botble\\Shortcode\\Compilers\\ShortcodeCompiler->renderShortcodes()
#33 /home/user/Projects/codecanyon/vendor/botble/shortcode/src/Compilers/ShortcodeCompiler.php(101): Botble\\Shortcode\\Compilers\\ShortcodeCompiler->parseToken()
#34 /home/user/Projects/codecanyon/vendor/botble/shortcode/src/View/View.php(57): Botble\\Shortcode\\Compilers\\ShortcodeCompiler->compile()
#35 /home/user/Projects/codecanyon/vendor/laravel/framework/src/Illuminate/View/View.php(159): Botble\\Shortcode\\View\\View->renderContents()
#36 /home/user/Projects/codecanyon/vendor/botble/theme/src/Theme.php(680): Illuminate\\View\\View->render()
#37 /home/user/Projects/codecanyon/vendor/botble/theme/src/Theme.php(659): Botble\\Theme\\Theme->setUpContent()
#38 /home/user/Projects/codecanyon/vendor/laravel/framework/src/Illuminate/Support/Facades/Facade.php(355): Botble\\Theme\\Theme->scope()
#39 /home/user/Projects/codecanyon/vendor/botble/theme/src/Http/Controllers/PublicController.php(30): Illuminate\\Support\\Facades\\Facade::__callStatic()
#40 /home/user/Projects/codecanyon/vendor/laravel/framework/src/Illuminate/Routing/Controller.php(54): Botble\\Theme\\Http\\Controllers\\PublicController->getIndex()
#41 /home/user/Projects/codecanyon/vendor/laravel/framework/src/Illuminate/Routing/ControllerDispatcher.php(43): Illuminate\\Routing\\Controller->callAction()
#42 /home/user/Projects/codecanyon/vendor/laravel/framework/src/Illuminate/Routing/Route.php(259): Illuminate\\Routing\\ControllerDispatcher->dispatch()
#43 /home/user/Projects/codecanyon/vendor/laravel/framework/src/Illuminate/Routing/Route.php(205): Illuminate\\Routing\\Route->runController()
#44 /home/user/Projects/codecanyon/vendor/laravel/framework/src/Illuminate/Routing/Router.php(806): Illuminate\\Routing\\Route->run()
#45 /home/user/Projects/codecanyon/vendor/laravel/framework/src/Illuminate/Pipeline/Pipeline.php(144): Illuminate\\Routing\\Router->Illuminate\\Routing\\{closure}()
#46 /home/user/Projects/codecanyon/platform/plugins/language/src/Http/Middleware/LocalizationRedirectFilter.php(53): Illuminate\\Pipeline\\Pipeline->Illuminate\\Pipeline\\{closure}()
#47 /home/user/Projects/codecanyon/vendor/laravel/framework/src/Illuminate/Pipeline/Pipeline.php(183): Botble\\Language\\Http\\Middleware\\LocalizationRedirectFilter->handle()
#48 /home/user/Projects/codecanyon/platform/plugins/language/src/Http/Middleware/LocaleSessionRedirect.php(81): Illuminate\\Pipeline\\Pipeline->Illuminate\\Pipeline\\{closure}()
#49 /home/user/Projects/codecanyon/vendor/laravel/framework/src/Illuminate/Pipeline/Pipeline.php(183): Botble\\Language\\Http\\Middleware\\LocaleSessionRedirect->handle()
#50 /home/user/Projects/codecanyon/vendor/botble/platform/base/src/Http/Middleware/CoreMiddleware.php(17): Illuminate\\Pipeline\\Pipeline->Illuminate\\Pipeline\\{closure}()
#51 /home/user/Projects/codecanyon/vendor/laravel/framework/src/Illuminate/Pipeline/Pipeline.php(144): Botble\\Base\\Http\\Middleware\\CoreMiddleware->Botble\\Base\\Http\\Middleware\\{closure}()
#52 /home/user/Projects/codecanyon/vendor/botble/platform/base/src/Http/Middleware/EnsureLicenseHasBeenActivated.php(24): Illuminate\\Pipeline\\Pipeline->Illuminate\\Pipeline\\{closure}()
#53 /home/user/Projects/codecanyon/vendor/laravel/framework/src/Illuminate/Pipeline/Pipeline.php(183): Botble\\Base\\Http\\Middleware\\EnsureLicenseHasBeenActivated->handle()
#54 /home/user/Projects/codecanyon/vendor/laravel/framework/src/Illuminate/Pipeline/Pipeline.php(119): Illuminate\\Pipeline\\Pipeline->Illuminate\\Pipeline\\{closure}()
#55 /home/user/Projects/codecanyon/vendor/botble/platform/base/src/Http/Middleware/CoreMiddleware.php(16): Illuminate\\Pipeline\\Pipeline->then()
#56 /home/user/Projects/codecanyon/vendor/laravel/framework/src/Illuminate/Pipeline/Pipeline.php(183): Botble\\Base\\Http\\Middleware\\CoreMiddleware->handle()
#57 /home/user/Projects/codecanyon/platform/plugins/ecommerce/src/Http/Middleware/CaptureCouponMiddleware.php(21): Illuminate\\Pipeline\\Pipeline->Illuminate\\Pipeline\\{closure}()
#58 /home/user/Projects/codecanyon/vendor/laravel/framework/src/Illuminate/Pipeline/Pipeline.php(183): Botble\\Ecommerce\\Http\\Middleware\\CaptureCouponMiddleware->handle()
#59 /home/user/Projects/codecanyon/platform/plugins/ecommerce/src/Http/Middleware/CaptureFootprintsMiddleware.php(23): Illuminate\\Pipeline\\Pipeline->Illuminate\\Pipeline\\{closure}()
#60 /home/user/Projects/codecanyon/vendor/laravel/framework/src/Illuminate/Pipeline/Pipeline.php(183): Botble\\Ecommerce\\Http\\Middleware\\CaptureFootprintsMiddleware->handle()
#61 /home/user/Projects/codecanyon/vendor/botble/platform/base/src/Http/Middleware/HttpsProtocolMiddleware.php(16): Illuminate\\Pipeline\\Pipeline->Illuminate\\Pipeline\\{closure}()
#62 /home/user/Projects/codecanyon/vendor/laravel/framework/src/Illuminate/Pipeline/Pipeline.php(183): Botble\\Base\\Http\\Middleware\\HttpsProtocolMiddleware->handle()
#63 /home/user/Projects/codecanyon/vendor/botble/platform/base/src/Http/Middleware/AdminLocaleMiddleware.php(17): Illuminate\\Pipeline\\Pipeline->Illuminate\\Pipeline\\{closure}()
#64 /home/user/Projects/codecanyon/vendor/laravel/framework/src/Illuminate/Pipeline/Pipeline.php(183): Botble\\Base\\Http\\Middleware\\AdminLocaleMiddleware->handle()
#65 /home/user/Projects/codecanyon/vendor/botble/platform/base/src/Http/Middleware/LocaleMiddleware.php(29): Illuminate\\Pipeline\\Pipeline->Illuminate\\Pipeline\\{closure}()
#66 /home/user/Projects/codecanyon/vendor/laravel/framework/src/Illuminate/Pipeline/Pipeline.php(183): Botble\\Base\\Http\\Middleware\\LocaleMiddleware->handle()
#67 /home/user/Projects/codecanyon/vendor/botble/installer/src/Http/Middleware/RedirectIfNotInstalledMiddleware.php(17): Illuminate\\Pipeline\\Pipeline->Illuminate\\Pipeline\\{closure}()
#68 /home/user/Projects/codecanyon/vendor/laravel/framework/src/Illuminate/Pipeline/Pipeline.php(183): Botble\\Installer\\Http\\Middleware\\RedirectIfNotInstalledMiddleware->handle()
#69 /home/user/Projects/codecanyon/vendor/laravel/framework/src/Illuminate/Routing/Middleware/SubstituteBindings.php(50): Illuminate\\Pipeline\\Pipeline->Illuminate\\Pipeline\\{closure}()
#70 /home/user/Projects/codecanyon/vendor/laravel/framework/src/Illuminate/Pipeline/Pipeline.php(183): Illuminate\\Routing\\Middleware\\SubstituteBindings->handle()
#71 /home/user/Projects/codecanyon/vendor/laravel/framework/src/Illuminate/Foundation/Http/Middleware/VerifyCsrfToken.php(78): Illuminate\\Pipeline\\Pipeline->Illuminate\\Pipeline\\{closure}()
#72 /home/user/Projects/codecanyon/vendor/laravel/framework/src/Illuminate/Pipeline/Pipeline.php(183): Illuminate\\Foundation\\Http\\Middleware\\VerifyCsrfToken->handle()
#73 /home/user/Projects/codecanyon/vendor/laravel/framework/src/Illuminate/View/Middleware/ShareErrorsFromSession.php(49): Illuminate\\Pipeline\\Pipeline->Illuminate\\Pipeline\\{closure}()
#74 /home/user/Projects/codecanyon/vendor/laravel/framework/src/Illuminate/Pipeline/Pipeline.php(183): Illuminate\\View\\Middleware\\ShareErrorsFromSession->handle()
#75 /home/user/Projects/codecanyon/vendor/laravel/framework/src/Illuminate/Session/Middleware/StartSession.php(121): Illuminate\\Pipeline\\Pipeline->Illuminate\\Pipeline\\{closure}()
#76 /home/user/Projects/codecanyon/vendor/laravel/framework/src/Illuminate/Session/Middleware/StartSession.php(64): Illuminate\\Session\\Middleware\\StartSession->handleStatefulRequest()
#77 /home/user/Projects/codecanyon/vendor/laravel/framework/src/Illuminate/Pipeline/Pipeline.php(183): Illuminate\\Session\\Middleware\\StartSession->handle()
#78 /home/user/Projects/codecanyon/vendor/laravel/framework/src/Illuminate/Cookie/Middleware/AddQueuedCookiesToResponse.php(37): Illuminate\\Pipeline\\Pipeline->Illuminate\\Pipeline\\{closure}()
#79 /home/user/Projects/codecanyon/vendor/laravel/framework/src/Illuminate/Pipeline/Pipeline.php(183): Illuminate\\Cookie\\Middleware\\AddQueuedCookiesToResponse->handle()
#80 /home/user/Projects/codecanyon/vendor/laravel/framework/src/Illuminate/Cookie/Middleware/EncryptCookies.php(67): Illuminate\\Pipeline\\Pipeline->Illuminate\\Pipeline\\{closure}()
#81 /home/user/Projects/codecanyon/vendor/laravel/framework/src/Illuminate/Pipeline/Pipeline.php(183): Illuminate\\Cookie\\Middleware\\EncryptCookies->handle()
#82 /home/user/Projects/codecanyon/vendor/laravel/framework/src/Illuminate/Pipeline/Pipeline.php(119): Illuminate\\Pipeline\\Pipeline->Illuminate\\Pipeline\\{closure}()
#83 /home/user/Projects/codecanyon/vendor/laravel/framework/src/Illuminate/Routing/Router.php(805): Illuminate\\Pipeline\\Pipeline->then()
#84 /home/user/Projects/codecanyon/vendor/laravel/framework/src/Illuminate/Routing/Router.php(784): Illuminate\\Routing\\Router->runRouteWithinStack()
#85 /home/user/Projects/codecanyon/vendor/laravel/framework/src/Illuminate/Routing/Router.php(748): Illuminate\\Routing\\Router->runRoute()
#86 /home/user/Projects/codecanyon/vendor/laravel/framework/src/Illuminate/Routing/Router.php(737): Illuminate\\Routing\\Router->dispatchToRoute()
#87 /home/user/Projects/codecanyon/vendor/laravel/framework/src/Illuminate/Foundation/Http/Kernel.php(200): Illuminate\\Routing\\Router->dispatch()
#88 /home/user/Projects/codecanyon/vendor/laravel/framework/src/Illuminate/Pipeline/Pipeline.php(144): Illuminate\\Foundation\\Http\\Kernel->Illuminate\\Foundation\\Http\\{closure}()
#89 /home/user/Projects/codecanyon/vendor/botble/platform/js-validation/src/RemoteValidationMiddleware.php(43): Illuminate\\Pipeline\\Pipeline->Illuminate\\Pipeline\\{closure}()
#90 /home/user/Projects/codecanyon/vendor/laravel/framework/src/Illuminate/Pipeline/Pipeline.php(183): Botble\\JsValidation\\RemoteValidationMiddleware->handle()
#91 /home/user/Projects/codecanyon/vendor/laravel/framework/src/Illuminate/Foundation/Http/Middleware/TransformsRequest.php(21): Illuminate\\Pipeline\\Pipeline->Illuminate\\Pipeline\\{closure}()
#92 /home/user/Projects/codecanyon/vendor/laravel/framework/src/Illuminate/Foundation/Http/Middleware/ConvertEmptyStringsToNull.php(31): Illuminate\\Foundation\\Http\\Middleware\\TransformsRequest->handle()
#93 /home/user/Projects/codecanyon/vendor/laravel/framework/src/Illuminate/Pipeline/Pipeline.php(183): Illuminate\\Foundation\\Http\\Middleware\\ConvertEmptyStringsToNull->handle()
#94 /home/user/Projects/codecanyon/vendor/laravel/framework/src/Illuminate/Foundation/Http/Middleware/TransformsRequest.php(21): Illuminate\\Pipeline\\Pipeline->Illuminate\\Pipeline\\{closure}()
#95 /home/user/Projects/codecanyon/vendor/laravel/framework/src/Illuminate/Foundation/Http/Middleware/TrimStrings.php(40): Illuminate\\Foundation\\Http\\Middleware\\TransformsRequest->handle()
#96 /home/user/Projects/codecanyon/vendor/laravel/framework/src/Illuminate/Pipeline/Pipeline.php(183): Illuminate\\Foundation\\Http\\Middleware\\TrimStrings->handle()
#97 /home/user/Projects/codecanyon/vendor/laravel/framework/src/Illuminate/Foundation/Http/Middleware/ValidatePostSize.php(27): Illuminate\\Pipeline\\Pipeline->Illuminate\\Pipeline\\{closure}()
#98 /home/user/Projects/codecanyon/vendor/laravel/framework/src/Illuminate/Pipeline/Pipeline.php(183): Illuminate\\Foundation\\Http\\Middleware\\ValidatePostSize->handle()
#99 /home/user/Projects/codecanyon/vendor/laravel/framework/src/Illuminate/Foundation/Http/Middleware/PreventRequestsDuringMaintenance.php(99): Illuminate\\Pipeline\\Pipeline->Illuminate\\Pipeline\\{closure}()
#100 /home/user/Projects/codecanyon/vendor/laravel/framework/src/Illuminate/Pipeline/Pipeline.php(183): Illuminate\\Foundation\\Http\\Middleware\\PreventRequestsDuringMaintenance->handle()
#101 /home/user/Projects/codecanyon/vendor/laravel/framework/src/Illuminate/Http/Middleware/HandleCors.php(49): Illuminate\\Pipeline\\Pipeline->Illuminate\\Pipeline\\{closure}()
#102 /home/user/Projects/codecanyon/vendor/laravel/framework/src/Illuminate/Pipeline/Pipeline.php(183): Illuminate\\Http\\Middleware\\HandleCors->handle()
#103 /home/user/Projects/codecanyon/vendor/laravel/framework/src/Illuminate/Http/Middleware/TrustProxies.php(39): Illuminate\\Pipeline\\Pipeline->Illuminate\\Pipeline\\{closure}()
#104 /home/user/Projects/codecanyon/vendor/laravel/framework/src/Illuminate/Pipeline/Pipeline.php(183): Illuminate\\Http\\Middleware\\TrustProxies->handle()
#105 /home/user/Projects/codecanyon/vendor/laravel/framework/src/Illuminate/Pipeline/Pipeline.php(119): Illuminate\\Pipeline\\Pipeline->Illuminate\\Pipeline\\{closure}()
#106 /home/user/Projects/codecanyon/vendor/laravel/framework/src/Illuminate/Foundation/Http/Kernel.php(175): Illuminate\\Pipeline\\Pipeline->then()
#107 /home/user/Projects/codecanyon/vendor/laravel/framework/src/Illuminate/Foundation/Http/Kernel.php(144): Illuminate\\Foundation\\Http\\Kernel->sendRequestThroughRouter()
#108 /home/user/Projects/codecanyon/public/index.php(23): Illuminate\\Foundation\\Http\\Kernel->handle()
#109 /home/user/Projects/codecanyon/vendor/laravel/framework/src/Illuminate/Foundation/resources/server.php(16): require_once('...')
#110 {main}
"} 
